<?xml version="1.0" encoding="UTF-8"?>
<robot generator="Robot 6.1.1 (Python 3.9.7 on win32)" generated="20231218 15:30:21.263" rpa="false" schemaversion="4">
<suite id="s1" name="Login" source="C:\Users\James\Desktop\python\DNE\robotmaster\login.robot">
<test id="s1-t1" name="Valid Login" line="11">
<kw name="Open Browser To login Page">
<kw name="Open Browser" library="SeleniumLibrary">
<arg>${Url}</arg>
<arg>${Browser}</arg>
<doc>Opens a new browser instance to the optional ``url``.</doc>
<msg timestamp="20231218 15:30:21.442" level="INFO">Opening browser 'gc' to base url 'http://localhost:7272'.</msg>
<status status="PASS" starttime="20231218 15:30:21.442" endtime="20231218 15:30:23.090"/>
</kw>
<status status="PASS" starttime="20231218 15:30:21.441" endtime="20231218 15:30:23.090"/>
</kw>
<kw name="Type In Username">
<arg>${Username}</arg>
<kw name="Input Text" library="SeleniumLibrary">
<arg>id=username_field</arg>
<arg>${Username}</arg>
<doc>Types the given ``text`` into the text field identified by ``locator``.</doc>
<msg timestamp="20231218 15:30:23.092" level="INFO">Typing text 'demo' into text field 'id=username_field'.</msg>
<status status="PASS" starttime="20231218 15:30:23.091" endtime="20231218 15:30:23.180"/>
</kw>
<status status="PASS" starttime="20231218 15:30:23.091" endtime="20231218 15:30:23.180"/>
</kw>
<kw name="Type In Password">
<arg>${Password}</arg>
<kw name="Input Password" library="SeleniumLibrary">
<arg>id=password_field</arg>
<arg>${Password}</arg>
<doc>Types the given password into the text field identified by ``locator``.</doc>
<msg timestamp="20231218 15:30:23.182" level="INFO">Typing password into text field 'id=password_field'.</msg>
<msg timestamp="20231218 15:30:23.210" level="INFO">Temporally setting log level to: NONE</msg>
<msg timestamp="20231218 15:30:23.245" level="INFO">Log level changed from NONE to INFO.</msg>
<status status="PASS" starttime="20231218 15:30:23.181" endtime="20231218 15:30:23.245"/>
</kw>
<status status="PASS" starttime="20231218 15:30:23.181" endtime="20231218 15:30:23.245"/>
</kw>
<kw name="Submit Credentials">
<kw name="Click Button" library="SeleniumLibrary">
<arg>login_button</arg>
<doc>Clicks the button identified by ``locator``.</doc>
<msg timestamp="20231218 15:30:23.246" level="INFO">Clicking button 'login_button'.</msg>
<status status="PASS" starttime="20231218 15:30:23.246" endtime="20231218 15:30:23.320"/>
</kw>
<status status="PASS" starttime="20231218 15:30:23.246" endtime="20231218 15:30:23.321"/>
</kw>
<kw name="Welcome Page Should Be Opened">
<kw name="Title Should Be" library="SeleniumLibrary">
<arg>Welcome Page</arg>
<doc>Verifies that the current page title equals ``title``.</doc>
<msg timestamp="20231218 15:30:23.325" level="INFO">Page title is 'Welcome Page'.</msg>
<status status="PASS" starttime="20231218 15:30:23.321" endtime="20231218 15:30:23.325"/>
</kw>
<status status="PASS" starttime="20231218 15:30:23.321" endtime="20231218 15:30:23.326"/>
</kw>
<kw name="Close Browser" library="SeleniumLibrary" type="TEARDOWN">
<doc>Closes the current browser.</doc>
<status status="PASS" starttime="20231218 15:30:23.326" endtime="20231218 15:30:25.433"/>
</kw>
<status status="PASS" starttime="20231218 15:30:21.441" endtime="20231218 15:30:25.434"/>
</test>
<status status="PASS" starttime="20231218 15:30:21.264" endtime="20231218 15:30:25.435"/>
</suite>
<statistics>
<total>
<stat pass="1" fail="0" skip="0">All Tests</stat>
</total>
<tag>
</tag>
<suite>
<stat pass="1" fail="0" skip="0" id="s1" name="Login">Login</stat>
</suite>
</statistics>
<errors>
</errors>
</robot>
