<?xml version="1.0" encoding="UTF-8"?>
<robot generator="Robot 6.1.1 (Python 3.9.7 on win32)" generated="20231218 19:00:54.382" rpa="false" schemaversion="4">
<suite id="s1" name="Read Excel" source="C:\Users\James\Desktop\python\DNE\robotmaster\read_excel.robot">
<test id="s1-t1" name="Test1" line="10">
<kw name="Test the ExcelData">
<kw name="Create List" library="BuiltIn">
<var>${my_data_as_list_a}</var>
<doc>Returns a list containing given items.</doc>
<msg timestamp="20231218 19:00:55.019" level="INFO">${my_data_as_list_a} = []</msg>
<status status="PASS" starttime="20231218 19:00:55.019" endtime="20231218 19:00:55.019"/>
</kw>
<kw name="Create List" library="BuiltIn">
<var>${my_data_as_list_b}</var>
<doc>Returns a list containing given items.</doc>
<msg timestamp="20231218 19:00:55.020" level="INFO">${my_data_as_list_b} = []</msg>
<status status="PASS" starttime="20231218 19:00:55.020" endtime="20231218 19:00:55.020"/>
</kw>
<kw name="Open Excel Document" library="ExcelLibrary">
<arg>${path_excel}</arg>
<arg>login</arg>
<doc>Opens xlsx document file.</doc>
<status status="PASS" starttime="20231218 19:00:55.020" endtime="20231218 19:00:55.028"/>
</kw>
<for flavor="IN RANGE">
<var>${i}</var>
<value>1</value>
<value>108</value>
<iter>
<var name="${i}">1</var>
<kw name="Set Variable" library="BuiltIn">
<var>${rownum}</var>
<arg>${${i} + ${1}}</arg>
<doc>Returns the given values which can then be assigned to a variables.</doc>
<msg timestamp="20231218 19:00:55.029" level="INFO">${rownum} = 2</msg>
<status status="PASS" starttime="20231218 19:00:55.028" endtime="20231218 19:00:55.029"/>
</kw>
<kw name="Read Excel Cell" library="ExcelLibrary">
<var>${my_data_cola}</var>
<arg>row_num=${rownum}</arg>
<arg>col_num=1</arg>
<doc>Returns content of a cell.</doc>
<msg timestamp="20231218 19:00:55.030" level="INFO">${my_data_cola} = CE6881-48S6CQ-B</msg>
<status status="PASS" starttime="20231218 19:00:55.030" endtime="20231218 19:00:55.030"/>
</kw>
<kw name="Read Excel Cell" library="ExcelLibrary">
<var>${my_data_colb}</var>
<arg>row_num=${rownum}</arg>
<arg>col_num=2</arg>
<doc>Returns content of a cell.</doc>
<msg timestamp="20231218 19:00:55.031" level="INFO">${my_data_colb} = 102355984816</msg>
<status status="PASS" starttime="20231218 19:00:55.030" endtime="20231218 19:00:55.031"/>
</kw>
<kw name="Append To List" library="Collections">
<arg>${my_data_as_list_a}</arg>
<arg>${my_data_cola}</arg>
<doc>Adds ``values`` to the end of ``list``.</doc>
<status status="PASS" starttime="20231218 19:00:55.031" endtime="20231218 19:00:55.032"/>
</kw>
<kw name="Append To List" library="Collections">
<arg>${my_data_as_list_b}</arg>
<arg>${my_data_colb}</arg>
<doc>Adds ``values`` to the end of ``list``.</doc>
<status status="PASS" starttime="20231218 19:00:55.032" endtime="20231218 19:00:55.032"/>
</kw>
<status status="PASS" starttime="20231218 19:00:55.028" endtime="20231218 19:00:55.032"/>
</iter>
<iter>
<var name="${i}">2</var>
<kw name="Set Variable" library="BuiltIn">
<var>${rownum}</var>
<arg>${${i} + ${1}}</arg>
<doc>Returns the given values which can then be assigned to a variables.</doc>
<msg timestamp="20231218 19:00:55.034" level="INFO">${rownum} = 3</msg>
<status status="PASS" starttime="20231218 19:00:55.032" endtime="20231218 19:00:55.034"/>
</kw>
<kw name="Read Excel Cell" library="ExcelLibrary">
<var>${my_data_cola}</var>
<arg>row_num=${rownum}</arg>
<arg>col_num=1</arg>
<doc>Returns content of a cell.</doc>
<msg timestamp="20231218 19:00:55.035" level="INFO">${my_data_cola} = CC13UK300</msg>
<status status="PASS" starttime="20231218 19:00:55.034" endtime="20231218 19:00:55.035"/>
</kw>
<kw name="Read Excel Cell" library="ExcelLibrary">
<var>${my_data_colb}</var>
<arg>row_num=${rownum}</arg>
<arg>col_num=2</arg>
<doc>Returns content of a cell.</doc>
<msg timestamp="20231218 19:00:55.035" level="INFO">${my_data_colb} = N/A</msg>
<status status="PASS" starttime="20231218 19:00:55.035" endtime="20231218 19:00:55.036"/>
</kw>
<kw name="Append To List" library="Collections">
<arg>${my_data_as_list_a}</arg>
<arg>${my_data_cola}</arg>
<doc>Adds ``values`` to the end of ``list``.</doc>
<status status="PASS" starttime="20231218 19:00:55.036" endtime="20231218 19:00:55.036"/>
</kw>
<kw name="Append To List" library="Collections">
<arg>${my_data_as_list_b}</arg>
<arg>${my_data_colb}</arg>
<doc>Adds ``values`` to the end of ``list``.</doc>
<status status="PASS" starttime="20231218 19:00:55.036" endtime="20231218 19:00:55.037"/>
</kw>
<status status="PASS" starttime="20231218 19:00:55.032" endtime="20231218 19:00:55.037"/>
</iter>
<iter>
<var name="${i}">3</var>
<kw name="Set Variable" library="BuiltIn">
<var>${rownum}</var>
<arg>${${i} + ${1}}</arg>
<doc>Returns the given values which can then be assigned to a variables.</doc>
<msg timestamp="20231218 19:00:55.038" level="INFO">${rownum} = 4</msg>
<status status="PASS" starttime="20231218 19:00:55.037" endtime="20231218 19:00:55.038"/>
</kw>
<kw name="Read Excel Cell" library="ExcelLibrary">
<var>${my_data_cola}</var>
<arg>row_num=${rownum}</arg>
<arg>col_num=1</arg>
<doc>Returns content of a cell.</doc>
<msg timestamp="20231218 19:00:55.039" level="INFO">${my_data_cola} = SFP-10G-BXU1</msg>
<status status="PASS" starttime="20231218 19:00:55.039" endtime="20231218 19:00:55.039"/>
</kw>
<kw name="Read Excel Cell" library="ExcelLibrary">
<var>${my_data_colb}</var>
<arg>row_num=${rownum}</arg>
<arg>col_num=2</arg>
<doc>Returns content of a cell.</doc>
<msg timestamp="20231218 19:00:55.040" level="INFO">${my_data_colb} = ME222702790521</msg>
<status status="PASS" starttime="20231218 19:00:55.039" endtime="20231218 19:00:55.040"/>
</kw>
<kw name="Append To List" library="Collections">
<arg>${my_data_as_list_a}</arg>
<arg>${my_data_cola}</arg>
<doc>Adds ``values`` to the end of ``list``.</doc>
<status status="PASS" starttime="20231218 19:00:55.040" endtime="20231218 19:00:55.041"/>
</kw>
<kw name="Append To List" library="Collections">
<arg>${my_data_as_list_b}</arg>
<arg>${my_data_colb}</arg>
<doc>Adds ``values`` to the end of ``list``.</doc>
<status status="PASS" starttime="20231218 19:00:55.041" endtime="20231218 19:00:55.041"/>
</kw>
<status status="PASS" starttime="20231218 19:00:55.037" endtime="20231218 19:00:55.041"/>
</iter>
<iter>
<var name="${i}">4</var>
<kw name="Set Variable" library="BuiltIn">
<var>${rownum}</var>
<arg>${${i} + ${1}}</arg>
<doc>Returns the given values which can then be assigned to a variables.</doc>
<msg timestamp="20231218 19:00:55.043" level="INFO">${rownum} = 5</msg>
<status status="PASS" starttime="20231218 19:00:55.042" endtime="20231218 19:00:55.043"/>
</kw>
<kw name="Read Excel Cell" library="ExcelLibrary">
<var>${my_data_cola}</var>
<arg>row_num=${rownum}</arg>
<arg>col_num=1</arg>
<doc>Returns content of a cell.</doc>
<msg timestamp="20231218 19:00:55.043" level="INFO">${my_data_cola} = SFP-10G-BXU1</msg>
<status status="PASS" starttime="20231218 19:00:55.043" endtime="20231218 19:00:55.044"/>
</kw>
<kw name="Read Excel Cell" library="ExcelLibrary">
<var>${my_data_colb}</var>
<arg>row_num=${rownum}</arg>
<arg>col_num=2</arg>
<doc>Returns content of a cell.</doc>
<msg timestamp="20231218 19:00:55.044" level="INFO">${my_data_colb} = ME222702790128</msg>
<status status="PASS" starttime="20231218 19:00:55.044" endtime="20231218 19:00:55.045"/>
</kw>
<kw name="Append To List" library="Collections">
<arg>${my_data_as_list_a}</arg>
<arg>${my_data_cola}</arg>
<doc>Adds ``values`` to the end of ``list``.</doc>
<status status="PASS" starttime="20231218 19:00:55.045" endtime="20231218 19:00:55.045"/>
</kw>
<kw name="Append To List" library="Collections">
<arg>${my_data_as_list_b}</arg>
<arg>${my_data_colb}</arg>
<doc>Adds ``values`` to the end of ``list``.</doc>
<status status="PASS" starttime="20231218 19:00:55.046" endtime="20231218 19:00:55.046"/>
</kw>
<status status="PASS" starttime="20231218 19:00:55.041" endtime="20231218 19:00:55.046"/>
</iter>
<iter>
<var name="${i}">5</var>
<kw name="Set Variable" library="BuiltIn">
<var>${rownum}</var>
<arg>${${i} + ${1}}</arg>
<doc>Returns the given values which can then be assigned to a variables.</doc>
<msg timestamp="20231218 19:00:55.047" level="INFO">${rownum} = 6</msg>
<status status="PASS" starttime="20231218 19:00:55.046" endtime="20231218 19:00:55.047"/>
</kw>
<kw name="Read Excel Cell" library="ExcelLibrary">
<var>${my_data_cola}</var>
<arg>row_num=${rownum}</arg>
<arg>col_num=1</arg>
<doc>Returns content of a cell.</doc>
<msg timestamp="20231218 19:00:55.048" level="INFO">${my_data_cola} = SFP-10G-BXU1</msg>
<status status="PASS" starttime="20231218 19:00:55.048" endtime="20231218 19:00:55.048"/>
</kw>
<kw name="Read Excel Cell" library="ExcelLibrary">
<var>${my_data_colb}</var>
<arg>row_num=${rownum}</arg>
<arg>col_num=2</arg>
<doc>Returns content of a cell.</doc>
<msg timestamp="20231218 19:00:55.049" level="INFO">${my_data_colb} = ME222702790172</msg>
<status status="PASS" starttime="20231218 19:00:55.048" endtime="20231218 19:00:55.049"/>
</kw>
<kw name="Append To List" library="Collections">
<arg>${my_data_as_list_a}</arg>
<arg>${my_data_cola}</arg>
<doc>Adds ``values`` to the end of ``list``.</doc>
<status status="PASS" starttime="20231218 19:00:55.049" endtime="20231218 19:00:55.050"/>
</kw>
<kw name="Append To List" library="Collections">
<arg>${my_data_as_list_b}</arg>
<arg>${my_data_colb}</arg>
<doc>Adds ``values`` to the end of ``list``.</doc>
<status status="PASS" starttime="20231218 19:00:55.050" endtime="20231218 19:00:55.051"/>
</kw>
<status status="PASS" starttime="20231218 19:00:55.046" endtime="20231218 19:00:55.051"/>
</iter>
<iter>
<var name="${i}">6</var>
<kw name="Set Variable" library="BuiltIn">
<var>${rownum}</var>
<arg>${${i} + ${1}}</arg>
<doc>Returns the given values which can then be assigned to a variables.</doc>
<msg timestamp="20231218 19:00:55.052" level="INFO">${rownum} = 7</msg>
<status status="PASS" starttime="20231218 19:00:55.051" endtime="20231218 19:00:55.052"/>
</kw>
<kw name="Read Excel Cell" library="ExcelLibrary">
<var>${my_data_cola}</var>
<arg>row_num=${rownum}</arg>
<arg>col_num=1</arg>
<doc>Returns content of a cell.</doc>
<msg timestamp="20231218 19:00:55.053" level="INFO">${my_data_cola} = SFP-10G-BXU1</msg>
<status status="PASS" starttime="20231218 19:00:55.052" endtime="20231218 19:00:55.053"/>
</kw>
<kw name="Read Excel Cell" library="ExcelLibrary">
<var>${my_data_colb}</var>
<arg>row_num=${rownum}</arg>
<arg>col_num=2</arg>
<doc>Returns content of a cell.</doc>
<msg timestamp="20231218 19:00:55.054" level="INFO">${my_data_colb} = ME222702790087</msg>
<status status="PASS" starttime="20231218 19:00:55.053" endtime="20231218 19:00:55.054"/>
</kw>
<kw name="Append To List" library="Collections">
<arg>${my_data_as_list_a}</arg>
<arg>${my_data_cola}</arg>
<doc>Adds ``values`` to the end of ``list``.</doc>
<status status="PASS" starttime="20231218 19:00:55.054" endtime="20231218 19:00:55.054"/>
</kw>
<kw name="Append To List" library="Collections">
<arg>${my_data_as_list_b}</arg>
<arg>${my_data_colb}</arg>
<doc>Adds ``values`` to the end of ``list``.</doc>
<status status="PASS" starttime="20231218 19:00:55.054" endtime="20231218 19:00:55.055"/>
</kw>
<status status="PASS" starttime="20231218 19:00:55.051" endtime="20231218 19:00:55.055"/>
</iter>
<iter>
<var name="${i}">7</var>
<kw name="Set Variable" library="BuiltIn">
<var>${rownum}</var>
<arg>${${i} + ${1}}</arg>
<doc>Returns the given values which can then be assigned to a variables.</doc>
<msg timestamp="20231218 19:00:55.056" level="INFO">${rownum} = 8</msg>
<status status="PASS" starttime="20231218 19:00:55.055" endtime="20231218 19:00:55.057"/>
</kw>
<kw name="Read Excel Cell" library="ExcelLibrary">
<var>${my_data_cola}</var>
<arg>row_num=${rownum}</arg>
<arg>col_num=1</arg>
<doc>Returns content of a cell.</doc>
<msg timestamp="20231218 19:00:55.057" level="INFO">${my_data_cola} = SFP-10G-BXU1</msg>
<status status="PASS" starttime="20231218 19:00:55.057" endtime="20231218 19:00:55.057"/>
</kw>
<kw name="Read Excel Cell" library="ExcelLibrary">
<var>${my_data_colb}</var>
<arg>row_num=${rownum}</arg>
<arg>col_num=2</arg>
<doc>Returns content of a cell.</doc>
<msg timestamp="20231218 19:00:55.058" level="INFO">${my_data_colb} = ME222702790268</msg>
<status status="PASS" starttime="20231218 19:00:55.058" endtime="20231218 19:00:55.058"/>
</kw>
<kw name="Append To List" library="Collections">
<arg>${my_data_as_list_a}</arg>
<arg>${my_data_cola}</arg>
<doc>Adds ``values`` to the end of ``list``.</doc>
<status status="PASS" starttime="20231218 19:00:55.059" endtime="20231218 19:00:55.059"/>
</kw>
<kw name="Append To List" library="Collections">
<arg>${my_data_as_list_b}</arg>
<arg>${my_data_colb}</arg>
<doc>Adds ``values`` to the end of ``list``.</doc>
<status status="PASS" starttime="20231218 19:00:55.059" endtime="20231218 19:00:55.060"/>
</kw>
<status status="PASS" starttime="20231218 19:00:55.055" endtime="20231218 19:00:55.060"/>
</iter>
<iter>
<var name="${i}">8</var>
<kw name="Set Variable" library="BuiltIn">
<var>${rownum}</var>
<arg>${${i} + ${1}}</arg>
<doc>Returns the given values which can then be assigned to a variables.</doc>
<msg timestamp="20231218 19:00:55.061" level="INFO">${rownum} = 9</msg>
<status status="PASS" starttime="20231218 19:00:55.060" endtime="20231218 19:00:55.061"/>
</kw>
<kw name="Read Excel Cell" library="ExcelLibrary">
<var>${my_data_cola}</var>
<arg>row_num=${rownum}</arg>
<arg>col_num=1</arg>
<doc>Returns content of a cell.</doc>
<msg timestamp="20231218 19:00:55.062" level="INFO">${my_data_cola} = SFP-10G-BXD1</msg>
<status status="PASS" starttime="20231218 19:00:55.061" endtime="20231218 19:00:55.062"/>
</kw>
<kw name="Read Excel Cell" library="ExcelLibrary">
<var>${my_data_colb}</var>
<arg>row_num=${rownum}</arg>
<arg>col_num=2</arg>
<doc>Returns content of a cell.</doc>
<msg timestamp="20231218 19:00:55.063" level="INFO">${my_data_colb} = HM223400073772</msg>
<status status="PASS" starttime="20231218 19:00:55.062" endtime="20231218 19:00:55.063"/>
</kw>
<kw name="Append To List" library="Collections">
<arg>${my_data_as_list_a}</arg>
<arg>${my_data_cola}</arg>
<doc>Adds ``values`` to the end of ``list``.</doc>
<status status="PASS" starttime="20231218 19:00:55.063" endtime="20231218 19:00:55.063"/>
</kw>
<kw name="Append To List" library="Collections">
<arg>${my_data_as_list_b}</arg>
<arg>${my_data_colb}</arg>
<doc>Adds ``values`` to the end of ``list``.</doc>
<status status="PASS" starttime="20231218 19:00:55.064" endtime="20231218 19:00:55.064"/>
</kw>
<status status="PASS" starttime="20231218 19:00:55.060" endtime="20231218 19:00:55.064"/>
</iter>
<iter>
<var name="${i}">9</var>
<kw name="Set Variable" library="BuiltIn">
<var>${rownum}</var>
<arg>${${i} + ${1}}</arg>
<doc>Returns the given values which can then be assigned to a variables.</doc>
<msg timestamp="20231218 19:00:55.066" level="INFO">${rownum} = 10</msg>
<status status="PASS" starttime="20231218 19:00:55.065" endtime="20231218 19:00:55.066"/>
</kw>
<kw name="Read Excel Cell" library="ExcelLibrary">
<var>${my_data_cola}</var>
<arg>row_num=${rownum}</arg>
<arg>col_num=1</arg>
<doc>Returns content of a cell.</doc>
<msg timestamp="20231218 19:00:55.066" level="INFO">${my_data_cola} = SFP-10G-BXD1</msg>
<status status="PASS" starttime="20231218 19:00:55.066" endtime="20231218 19:00:55.067"/>
</kw>
<kw name="Read Excel Cell" library="ExcelLibrary">
<var>${my_data_colb}</var>
<arg>row_num=${rownum}</arg>
<arg>col_num=2</arg>
<doc>Returns content of a cell.</doc>
<msg timestamp="20231218 19:00:55.067" level="INFO">${my_data_colb} = HM223400072050</msg>
<status status="PASS" starttime="20231218 19:00:55.067" endtime="20231218 19:00:55.067"/>
</kw>
<kw name="Append To List" library="Collections">
<arg>${my_data_as_list_a}</arg>
<arg>${my_data_cola}</arg>
<doc>Adds ``values`` to the end of ``list``.</doc>
<status status="PASS" starttime="20231218 19:00:55.068" endtime="20231218 19:00:55.068"/>
</kw>
<kw name="Append To List" library="Collections">
<arg>${my_data_as_list_b}</arg>
<arg>${my_data_colb}</arg>
<doc>Adds ``values`` to the end of ``list``.</doc>
<status status="PASS" starttime="20231218 19:00:55.068" endtime="20231218 19:00:55.069"/>
</kw>
<status status="PASS" starttime="20231218 19:00:55.064" endtime="20231218 19:00:55.069"/>
</iter>
<iter>
<var name="${i}">10</var>
<kw name="Set Variable" library="BuiltIn">
<var>${rownum}</var>
<arg>${${i} + ${1}}</arg>
<doc>Returns the given values which can then be assigned to a variables.</doc>
<msg timestamp="20231218 19:00:55.071" level="INFO">${rownum} = 11</msg>
<status status="PASS" starttime="20231218 19:00:55.069" endtime="20231218 19:00:55.071"/>
</kw>
<kw name="Read Excel Cell" library="ExcelLibrary">
<var>${my_data_cola}</var>
<arg>row_num=${rownum}</arg>
<arg>col_num=1</arg>
<doc>Returns content of a cell.</doc>
<msg timestamp="20231218 19:00:55.072" level="INFO">${my_data_cola} = SFP-10G-BXD1</msg>
<status status="PASS" starttime="20231218 19:00:55.071" endtime="20231218 19:00:55.072"/>
</kw>
<kw name="Read Excel Cell" library="ExcelLibrary">
<var>${my_data_colb}</var>
<arg>row_num=${rownum}</arg>
<arg>col_num=2</arg>
<doc>Returns content of a cell.</doc>
<msg timestamp="20231218 19:00:55.072" level="INFO">${my_data_colb} = HM223400072048</msg>
<status status="PASS" starttime="20231218 19:00:55.072" endtime="20231218 19:00:55.072"/>
</kw>
<kw name="Append To List" library="Collections">
<arg>${my_data_as_list_a}</arg>
<arg>${my_data_cola}</arg>
<doc>Adds ``values`` to the end of ``list``.</doc>
<status status="PASS" starttime="20231218 19:00:55.073" endtime="20231218 19:00:55.073"/>
</kw>
<kw name="Append To List" library="Collections">
<arg>${my_data_as_list_b}</arg>
<arg>${my_data_colb}</arg>
<doc>Adds ``values`` to the end of ``list``.</doc>
<status status="PASS" starttime="20231218 19:00:55.073" endtime="20231218 19:00:55.074"/>
</kw>
<status status="PASS" starttime="20231218 19:00:55.069" endtime="20231218 19:00:55.074"/>
</iter>
<iter>
<var name="${i}">11</var>
<kw name="Set Variable" library="BuiltIn">
<var>${rownum}</var>
<arg>${${i} + ${1}}</arg>
<doc>Returns the given values which can then be assigned to a variables.</doc>
<msg timestamp="20231218 19:00:55.075" level="INFO">${rownum} = 12</msg>
<status status="PASS" starttime="20231218 19:00:55.074" endtime="20231218 19:00:55.075"/>
</kw>
<kw name="Read Excel Cell" library="ExcelLibrary">
<var>${my_data_cola}</var>
<arg>row_num=${rownum}</arg>
<arg>col_num=1</arg>
<doc>Returns content of a cell.</doc>
<msg timestamp="20231218 19:00:55.076" level="INFO">${my_data_cola} = SFP-10G-BXD1</msg>
<status status="PASS" starttime="20231218 19:00:55.075" endtime="20231218 19:00:55.076"/>
</kw>
<kw name="Read Excel Cell" library="ExcelLibrary">
<var>${my_data_colb}</var>
<arg>row_num=${rownum}</arg>
<arg>col_num=2</arg>
<doc>Returns content of a cell.</doc>
<msg timestamp="20231218 19:00:55.077" level="INFO">${my_data_colb} = HM223400073007</msg>
<status status="PASS" starttime="20231218 19:00:55.076" endtime="20231218 19:00:55.077"/>
</kw>
<kw name="Append To List" library="Collections">
<arg>${my_data_as_list_a}</arg>
<arg>${my_data_cola}</arg>
<doc>Adds ``values`` to the end of ``list``.</doc>
<status status="PASS" starttime="20231218 19:00:55.077" endtime="20231218 19:00:55.077"/>
</kw>
<kw name="Append To List" library="Collections">
<arg>${my_data_as_list_b}</arg>
<arg>${my_data_colb}</arg>
<doc>Adds ``values`` to the end of ``list``.</doc>
<status status="PASS" starttime="20231218 19:00:55.077" endtime="20231218 19:00:55.077"/>
</kw>
<status status="PASS" starttime="20231218 19:00:55.074" endtime="20231218 19:00:55.078"/>
</iter>
<iter>
<var name="${i}">12</var>
<kw name="Set Variable" library="BuiltIn">
<var>${rownum}</var>
<arg>${${i} + ${1}}</arg>
<doc>Returns the given values which can then be assigned to a variables.</doc>
<msg timestamp="20231218 19:00:55.079" level="INFO">${rownum} = 13</msg>
<status status="PASS" starttime="20231218 19:00:55.078" endtime="20231218 19:00:55.079"/>
</kw>
<kw name="Read Excel Cell" library="ExcelLibrary">
<var>${my_data_cola}</var>
<arg>row_num=${rownum}</arg>
<arg>col_num=1</arg>
<doc>Returns content of a cell.</doc>
<msg timestamp="20231218 19:00:55.080" level="INFO">${my_data_cola} = SFP-10G-BXD1</msg>
<status status="PASS" starttime="20231218 19:00:55.079" endtime="20231218 19:00:55.080"/>
</kw>
<kw name="Read Excel Cell" library="ExcelLibrary">
<var>${my_data_colb}</var>
<arg>row_num=${rownum}</arg>
<arg>col_num=2</arg>
<doc>Returns content of a cell.</doc>
<msg timestamp="20231218 19:00:55.081" level="INFO">${my_data_colb} = HM223400073013</msg>
<status status="PASS" starttime="20231218 19:00:55.080" endtime="20231218 19:00:55.081"/>
</kw>
<kw name="Append To List" library="Collections">
<arg>${my_data_as_list_a}</arg>
<arg>${my_data_cola}</arg>
<doc>Adds ``values`` to the end of ``list``.</doc>
<status status="PASS" starttime="20231218 19:00:55.081" endtime="20231218 19:00:55.081"/>
</kw>
<kw name="Append To List" library="Collections">
<arg>${my_data_as_list_b}</arg>
<arg>${my_data_colb}</arg>
<doc>Adds ``values`` to the end of ``list``.</doc>
<status status="PASS" starttime="20231218 19:00:55.081" endtime="20231218 19:00:55.082"/>
</kw>
<status status="PASS" starttime="20231218 19:00:55.078" endtime="20231218 19:00:55.082"/>
</iter>
<iter>
<var name="${i}">13</var>
<kw name="Set Variable" library="BuiltIn">
<var>${rownum}</var>
<arg>${${i} + ${1}}</arg>
<doc>Returns the given values which can then be assigned to a variables.</doc>
<msg timestamp="20231218 19:00:55.083" level="INFO">${rownum} = 14</msg>
<status status="PASS" starttime="20231218 19:00:55.082" endtime="20231218 19:00:55.084"/>
</kw>
<kw name="Read Excel Cell" library="ExcelLibrary">
<var>${my_data_cola}</var>
<arg>row_num=${rownum}</arg>
<arg>col_num=1</arg>
<doc>Returns content of a cell.</doc>
<msg timestamp="20231218 19:00:55.084" level="INFO">${my_data_cola} = SFP-1000BaseT</msg>
<status status="PASS" starttime="20231218 19:00:55.084" endtime="20231218 19:00:55.084"/>
</kw>
<kw name="Read Excel Cell" library="ExcelLibrary">
<var>${my_data_colb}</var>
<arg>row_num=${rownum}</arg>
<arg>col_num=2</arg>
<doc>Returns content of a cell.</doc>
<msg timestamp="20231218 19:00:55.085" level="INFO">${my_data_colb} = HR221500011286</msg>
<status status="PASS" starttime="20231218 19:00:55.085" endtime="20231218 19:00:55.085"/>
</kw>
<kw name="Append To List" library="Collections">
<arg>${my_data_as_list_a}</arg>
<arg>${my_data_cola}</arg>
<doc>Adds ``values`` to the end of ``list``.</doc>
<status status="PASS" starttime="20231218 19:00:55.085" endtime="20231218 19:00:55.086"/>
</kw>
<kw name="Append To List" library="Collections">
<arg>${my_data_as_list_b}</arg>
<arg>${my_data_colb}</arg>
<doc>Adds ``values`` to the end of ``list``.</doc>
<status status="PASS" starttime="20231218 19:00:55.086" endtime="20231218 19:00:55.087"/>
</kw>
<status status="PASS" starttime="20231218 19:00:55.082" endtime="20231218 19:00:55.087"/>
</iter>
<iter>
<var name="${i}">14</var>
<kw name="Set Variable" library="BuiltIn">
<var>${rownum}</var>
<arg>${${i} + ${1}}</arg>
<doc>Returns the given values which can then be assigned to a variables.</doc>
<msg timestamp="20231218 19:00:55.088" level="INFO">${rownum} = 15</msg>
<status status="PASS" starttime="20231218 19:00:55.087" endtime="20231218 19:00:55.088"/>
</kw>
<kw name="Read Excel Cell" library="ExcelLibrary">
<var>${my_data_cola}</var>
<arg>row_num=${rownum}</arg>
<arg>col_num=1</arg>
<doc>Returns content of a cell.</doc>
<msg timestamp="20231218 19:00:55.089" level="INFO">${my_data_cola} = SFP-1000BaseT</msg>
<status status="PASS" starttime="20231218 19:00:55.089" endtime="20231218 19:00:55.089"/>
</kw>
<kw name="Read Excel Cell" library="ExcelLibrary">
<var>${my_data_colb}</var>
<arg>row_num=${rownum}</arg>
<arg>col_num=2</arg>
<doc>Returns content of a cell.</doc>
<msg timestamp="20231218 19:00:55.090" level="INFO">${my_data_colb} = HR221500011293</msg>
<status status="PASS" starttime="20231218 19:00:55.089" endtime="20231218 19:00:55.090"/>
</kw>
<kw name="Append To List" library="Collections">
<arg>${my_data_as_list_a}</arg>
<arg>${my_data_cola}</arg>
<doc>Adds ``values`` to the end of ``list``.</doc>
<status status="PASS" starttime="20231218 19:00:55.090" endtime="20231218 19:00:55.091"/>
</kw>
<kw name="Append To List" library="Collections">
<arg>${my_data_as_list_b}</arg>
<arg>${my_data_colb}</arg>
<doc>Adds ``values`` to the end of ``list``.</doc>
<status status="PASS" starttime="20231218 19:00:55.091" endtime="20231218 19:00:55.091"/>
</kw>
<status status="PASS" starttime="20231218 19:00:55.087" endtime="20231218 19:00:55.091"/>
</iter>
<iter>
<var name="${i}">15</var>
<kw name="Set Variable" library="BuiltIn">
<var>${rownum}</var>
<arg>${${i} + ${1}}</arg>
<doc>Returns the given values which can then be assigned to a variables.</doc>
<msg timestamp="20231218 19:00:55.093" level="INFO">${rownum} = 16</msg>
<status status="PASS" starttime="20231218 19:00:55.092" endtime="20231218 19:00:55.093"/>
</kw>
<kw name="Read Excel Cell" library="ExcelLibrary">
<var>${my_data_cola}</var>
<arg>row_num=${rownum}</arg>
<arg>col_num=1</arg>
<doc>Returns content of a cell.</doc>
<msg timestamp="20231218 19:00:55.094" level="INFO">${my_data_cola} = SFP-1000BaseT</msg>
<status status="PASS" starttime="20231218 19:00:55.093" endtime="20231218 19:00:55.094"/>
</kw>
<kw name="Read Excel Cell" library="ExcelLibrary">
<var>${my_data_colb}</var>
<arg>row_num=${rownum}</arg>
<arg>col_num=2</arg>
<doc>Returns content of a cell.</doc>
<msg timestamp="20231218 19:00:55.094" level="INFO">${my_data_colb} = HR221500011042</msg>
<status status="PASS" starttime="20231218 19:00:55.094" endtime="20231218 19:00:55.094"/>
</kw>
<kw name="Append To List" library="Collections">
<arg>${my_data_as_list_a}</arg>
<arg>${my_data_cola}</arg>
<doc>Adds ``values`` to the end of ``list``.</doc>
<status status="PASS" starttime="20231218 19:00:55.094" endtime="20231218 19:00:55.095"/>
</kw>
<kw name="Append To List" library="Collections">
<arg>${my_data_as_list_b}</arg>
<arg>${my_data_colb}</arg>
<doc>Adds ``values`` to the end of ``list``.</doc>
<status status="PASS" starttime="20231218 19:00:55.095" endtime="20231218 19:00:55.095"/>
</kw>
<status status="PASS" starttime="20231218 19:00:55.091" endtime="20231218 19:00:55.096"/>
</iter>
<iter>
<var name="${i}">16</var>
<kw name="Set Variable" library="BuiltIn">
<var>${rownum}</var>
<arg>${${i} + ${1}}</arg>
<doc>Returns the given values which can then be assigned to a variables.</doc>
<msg timestamp="20231218 19:00:55.097" level="INFO">${rownum} = 17</msg>
<status status="PASS" starttime="20231218 19:00:55.096" endtime="20231218 19:00:55.097"/>
</kw>
<kw name="Read Excel Cell" library="ExcelLibrary">
<var>${my_data_cola}</var>
<arg>row_num=${rownum}</arg>
<arg>col_num=1</arg>
<doc>Returns content of a cell.</doc>
<msg timestamp="20231218 19:00:55.098" level="INFO">${my_data_cola} = SFP-1000BaseT</msg>
<status status="PASS" starttime="20231218 19:00:55.098" endtime="20231218 19:00:55.098"/>
</kw>
<kw name="Read Excel Cell" library="ExcelLibrary">
<var>${my_data_colb}</var>
<arg>row_num=${rownum}</arg>
<arg>col_num=2</arg>
<doc>Returns content of a cell.</doc>
<msg timestamp="20231218 19:00:55.099" level="INFO">${my_data_colb} = HR221500011265</msg>
<status status="PASS" starttime="20231218 19:00:55.098" endtime="20231218 19:00:55.099"/>
</kw>
<kw name="Append To List" library="Collections">
<arg>${my_data_as_list_a}</arg>
<arg>${my_data_cola}</arg>
<doc>Adds ``values`` to the end of ``list``.</doc>
<status status="PASS" starttime="20231218 19:00:55.099" endtime="20231218 19:00:55.100"/>
</kw>
<kw name="Append To List" library="Collections">
<arg>${my_data_as_list_b}</arg>
<arg>${my_data_colb}</arg>
<doc>Adds ``values`` to the end of ``list``.</doc>
<status status="PASS" starttime="20231218 19:00:55.100" endtime="20231218 19:00:55.100"/>
</kw>
<status status="PASS" starttime="20231218 19:00:55.096" endtime="20231218 19:00:55.100"/>
</iter>
<iter>
<var name="${i}">17</var>
<kw name="Set Variable" library="BuiltIn">
<var>${rownum}</var>
<arg>${${i} + ${1}}</arg>
<doc>Returns the given values which can then be assigned to a variables.</doc>
<msg timestamp="20231218 19:00:55.102" level="INFO">${rownum} = 18</msg>
<status status="PASS" starttime="20231218 19:00:55.101" endtime="20231218 19:00:55.102"/>
</kw>
<kw name="Read Excel Cell" library="ExcelLibrary">
<var>${my_data_cola}</var>
<arg>row_num=${rownum}</arg>
<arg>col_num=1</arg>
<doc>Returns content of a cell.</doc>
<msg timestamp="20231218 19:00:55.102" level="INFO">${my_data_cola} = SFP-1000BaseT</msg>
<status status="PASS" starttime="20231218 19:00:55.102" endtime="20231218 19:00:55.103"/>
</kw>
<kw name="Read Excel Cell" library="ExcelLibrary">
<var>${my_data_colb}</var>
<arg>row_num=${rownum}</arg>
<arg>col_num=2</arg>
<doc>Returns content of a cell.</doc>
<msg timestamp="20231218 19:00:55.103" level="INFO">${my_data_colb} = HR221500011010</msg>
<status status="PASS" starttime="20231218 19:00:55.103" endtime="20231218 19:00:55.103"/>
</kw>
<kw name="Append To List" library="Collections">
<arg>${my_data_as_list_a}</arg>
<arg>${my_data_cola}</arg>
<doc>Adds ``values`` to the end of ``list``.</doc>
<status status="PASS" starttime="20231218 19:00:55.103" endtime="20231218 19:00:55.104"/>
</kw>
<kw name="Append To List" library="Collections">
<arg>${my_data_as_list_b}</arg>
<arg>${my_data_colb}</arg>
<doc>Adds ``values`` to the end of ``list``.</doc>
<status status="PASS" starttime="20231218 19:00:55.104" endtime="20231218 19:00:55.104"/>
</kw>
<status status="PASS" starttime="20231218 19:00:55.100" endtime="20231218 19:00:55.104"/>
</iter>
<iter>
<var name="${i}">18</var>
<kw name="Set Variable" library="BuiltIn">
<var>${rownum}</var>
<arg>${${i} + ${1}}</arg>
<doc>Returns the given values which can then be assigned to a variables.</doc>
<msg timestamp="20231218 19:00:55.106" level="INFO">${rownum} = 19</msg>
<status status="PASS" starttime="20231218 19:00:55.105" endtime="20231218 19:00:55.106"/>
</kw>
<kw name="Read Excel Cell" library="ExcelLibrary">
<var>${my_data_cola}</var>
<arg>row_num=${rownum}</arg>
<arg>col_num=1</arg>
<doc>Returns content of a cell.</doc>
<msg timestamp="20231218 19:00:55.107" level="INFO">${my_data_cola} = SFP-1000BaseT</msg>
<status status="PASS" starttime="20231218 19:00:55.106" endtime="20231218 19:00:55.107"/>
</kw>
<kw name="Read Excel Cell" library="ExcelLibrary">
<var>${my_data_colb}</var>
<arg>row_num=${rownum}</arg>
<arg>col_num=2</arg>
<doc>Returns content of a cell.</doc>
<msg timestamp="20231218 19:00:55.107" level="INFO">${my_data_colb} = HR221500011036</msg>
<status status="PASS" starttime="20231218 19:00:55.107" endtime="20231218 19:00:55.108"/>
</kw>
<kw name="Append To List" library="Collections">
<arg>${my_data_as_list_a}</arg>
<arg>${my_data_cola}</arg>
<doc>Adds ``values`` to the end of ``list``.</doc>
<status status="PASS" starttime="20231218 19:00:55.108" endtime="20231218 19:00:55.108"/>
</kw>
<kw name="Append To List" library="Collections">
<arg>${my_data_as_list_b}</arg>
<arg>${my_data_colb}</arg>
<doc>Adds ``values`` to the end of ``list``.</doc>
<status status="PASS" starttime="20231218 19:00:55.108" endtime="20231218 19:00:55.109"/>
</kw>
<status status="PASS" starttime="20231218 19:00:55.105" endtime="20231218 19:00:55.109"/>
</iter>
<iter>
<var name="${i}">19</var>
<kw name="Set Variable" library="BuiltIn">
<var>${rownum}</var>
<arg>${${i} + ${1}}</arg>
<doc>Returns the given values which can then be assigned to a variables.</doc>
<msg timestamp="20231218 19:00:55.110" level="INFO">${rownum} = 20</msg>
<status status="PASS" starttime="20231218 19:00:55.109" endtime="20231218 19:00:55.110"/>
</kw>
<kw name="Read Excel Cell" library="ExcelLibrary">
<var>${my_data_cola}</var>
<arg>row_num=${rownum}</arg>
<arg>col_num=1</arg>
<doc>Returns content of a cell.</doc>
<msg timestamp="20231218 19:00:55.111" level="INFO">${my_data_cola} = SFP-1000BaseT</msg>
<status status="PASS" starttime="20231218 19:00:55.110" endtime="20231218 19:00:55.111"/>
</kw>
<kw name="Read Excel Cell" library="ExcelLibrary">
<var>${my_data_colb}</var>
<arg>row_num=${rownum}</arg>
<arg>col_num=2</arg>
<doc>Returns content of a cell.</doc>
<msg timestamp="20231218 19:00:55.112" level="INFO">${my_data_colb} = HR221500011019</msg>
<status status="PASS" starttime="20231218 19:00:55.111" endtime="20231218 19:00:55.112"/>
</kw>
<kw name="Append To List" library="Collections">
<arg>${my_data_as_list_a}</arg>
<arg>${my_data_cola}</arg>
<doc>Adds ``values`` to the end of ``list``.</doc>
<status status="PASS" starttime="20231218 19:00:55.112" endtime="20231218 19:00:55.113"/>
</kw>
<kw name="Append To List" library="Collections">
<arg>${my_data_as_list_b}</arg>
<arg>${my_data_colb}</arg>
<doc>Adds ``values`` to the end of ``list``.</doc>
<status status="PASS" starttime="20231218 19:00:55.113" endtime="20231218 19:00:55.113"/>
</kw>
<status status="PASS" starttime="20231218 19:00:55.109" endtime="20231218 19:00:55.113"/>
</iter>
<iter>
<var name="${i}">20</var>
<kw name="Set Variable" library="BuiltIn">
<var>${rownum}</var>
<arg>${${i} + ${1}}</arg>
<doc>Returns the given values which can then be assigned to a variables.</doc>
<msg timestamp="20231218 19:00:55.115" level="INFO">${rownum} = 21</msg>
<status status="PASS" starttime="20231218 19:00:55.114" endtime="20231218 19:00:55.115"/>
</kw>
<kw name="Read Excel Cell" library="ExcelLibrary">
<var>${my_data_cola}</var>
<arg>row_num=${rownum}</arg>
<arg>col_num=1</arg>
<doc>Returns content of a cell.</doc>
<msg timestamp="20231218 19:00:55.116" level="INFO">${my_data_cola} = SFP-1000BaseT</msg>
<status status="PASS" starttime="20231218 19:00:55.115" endtime="20231218 19:00:55.116"/>
</kw>
<kw name="Read Excel Cell" library="ExcelLibrary">
<var>${my_data_colb}</var>
<arg>row_num=${rownum}</arg>
<arg>col_num=2</arg>
<doc>Returns content of a cell.</doc>
<msg timestamp="20231218 19:00:55.117" level="INFO">${my_data_colb} = HR221500011001</msg>
<status status="PASS" starttime="20231218 19:00:55.116" endtime="20231218 19:00:55.117"/>
</kw>
<kw name="Append To List" library="Collections">
<arg>${my_data_as_list_a}</arg>
<arg>${my_data_cola}</arg>
<doc>Adds ``values`` to the end of ``list``.</doc>
<status status="PASS" starttime="20231218 19:00:55.117" endtime="20231218 19:00:55.117"/>
</kw>
<kw name="Append To List" library="Collections">
<arg>${my_data_as_list_b}</arg>
<arg>${my_data_colb}</arg>
<doc>Adds ``values`` to the end of ``list``.</doc>
<status status="PASS" starttime="20231218 19:00:55.118" endtime="20231218 19:00:55.118"/>
</kw>
<status status="PASS" starttime="20231218 19:00:55.113" endtime="20231218 19:00:55.118"/>
</iter>
<iter>
<var name="${i}">21</var>
<kw name="Set Variable" library="BuiltIn">
<var>${rownum}</var>
<arg>${${i} + ${1}}</arg>
<doc>Returns the given values which can then be assigned to a variables.</doc>
<msg timestamp="20231218 19:00:55.119" level="INFO">${rownum} = 22</msg>
<status status="PASS" starttime="20231218 19:00:55.118" endtime="20231218 19:00:55.120"/>
</kw>
<kw name="Read Excel Cell" library="ExcelLibrary">
<var>${my_data_cola}</var>
<arg>row_num=${rownum}</arg>
<arg>col_num=1</arg>
<doc>Returns content of a cell.</doc>
<msg timestamp="20231218 19:00:55.120" level="INFO">${my_data_cola} = SFP-1000BaseT</msg>
<status status="PASS" starttime="20231218 19:00:55.120" endtime="20231218 19:00:55.120"/>
</kw>
<kw name="Read Excel Cell" library="ExcelLibrary">
<var>${my_data_colb}</var>
<arg>row_num=${rownum}</arg>
<arg>col_num=2</arg>
<doc>Returns content of a cell.</doc>
<msg timestamp="20231218 19:00:55.121" level="INFO">${my_data_colb} = HR221500012132</msg>
<status status="PASS" starttime="20231218 19:00:55.121" endtime="20231218 19:00:55.121"/>
</kw>
<kw name="Append To List" library="Collections">
<arg>${my_data_as_list_a}</arg>
<arg>${my_data_cola}</arg>
<doc>Adds ``values`` to the end of ``list``.</doc>
<status status="PASS" starttime="20231218 19:00:55.121" endtime="20231218 19:00:55.122"/>
</kw>
<kw name="Append To List" library="Collections">
<arg>${my_data_as_list_b}</arg>
<arg>${my_data_colb}</arg>
<doc>Adds ``values`` to the end of ``list``.</doc>
<status status="PASS" starttime="20231218 19:00:55.122" endtime="20231218 19:00:55.122"/>
</kw>
<status status="PASS" starttime="20231218 19:00:55.118" endtime="20231218 19:00:55.122"/>
</iter>
<iter>
<var name="${i}">22</var>
<kw name="Set Variable" library="BuiltIn">
<var>${rownum}</var>
<arg>${${i} + ${1}}</arg>
<doc>Returns the given values which can then be assigned to a variables.</doc>
<msg timestamp="20231218 19:00:55.124" level="INFO">${rownum} = 23</msg>
<status status="PASS" starttime="20231218 19:00:55.123" endtime="20231218 19:00:55.124"/>
</kw>
<kw name="Read Excel Cell" library="ExcelLibrary">
<var>${my_data_cola}</var>
<arg>row_num=${rownum}</arg>
<arg>col_num=1</arg>
<doc>Returns content of a cell.</doc>
<msg timestamp="20231218 19:00:55.124" level="INFO">${my_data_cola} = SFP-1000BaseT</msg>
<status status="PASS" starttime="20231218 19:00:55.124" endtime="20231218 19:00:55.125"/>
</kw>
<kw name="Read Excel Cell" library="ExcelLibrary">
<var>${my_data_colb}</var>
<arg>row_num=${rownum}</arg>
<arg>col_num=2</arg>
<doc>Returns content of a cell.</doc>
<msg timestamp="20231218 19:00:55.125" level="INFO">${my_data_colb} = HR221500012130</msg>
<status status="PASS" starttime="20231218 19:00:55.125" endtime="20231218 19:00:55.125"/>
</kw>
<kw name="Append To List" library="Collections">
<arg>${my_data_as_list_a}</arg>
<arg>${my_data_cola}</arg>
<doc>Adds ``values`` to the end of ``list``.</doc>
<status status="PASS" starttime="20231218 19:00:55.126" endtime="20231218 19:00:55.126"/>
</kw>
<kw name="Append To List" library="Collections">
<arg>${my_data_as_list_b}</arg>
<arg>${my_data_colb}</arg>
<doc>Adds ``values`` to the end of ``list``.</doc>
<status status="PASS" starttime="20231218 19:00:55.126" endtime="20231218 19:00:55.127"/>
</kw>
<status status="PASS" starttime="20231218 19:00:55.123" endtime="20231218 19:00:55.127"/>
</iter>
<iter>
<var name="${i}">23</var>
<kw name="Set Variable" library="BuiltIn">
<var>${rownum}</var>
<arg>${${i} + ${1}}</arg>
<doc>Returns the given values which can then be assigned to a variables.</doc>
<msg timestamp="20231218 19:00:55.128" level="INFO">${rownum} = 24</msg>
<status status="PASS" starttime="20231218 19:00:55.127" endtime="20231218 19:00:55.128"/>
</kw>
<kw name="Read Excel Cell" library="ExcelLibrary">
<var>${my_data_cola}</var>
<arg>row_num=${rownum}</arg>
<arg>col_num=1</arg>
<doc>Returns content of a cell.</doc>
<msg timestamp="20231218 19:00:55.129" level="INFO">${my_data_cola} = SFP-1000BaseT</msg>
<status status="PASS" starttime="20231218 19:00:55.128" endtime="20231218 19:00:55.129"/>
</kw>
<kw name="Read Excel Cell" library="ExcelLibrary">
<var>${my_data_colb}</var>
<arg>row_num=${rownum}</arg>
<arg>col_num=2</arg>
<doc>Returns content of a cell.</doc>
<msg timestamp="20231218 19:00:55.130" level="INFO">${my_data_colb} = HR221500012114</msg>
<status status="PASS" starttime="20231218 19:00:55.129" endtime="20231218 19:00:55.130"/>
</kw>
<kw name="Append To List" library="Collections">
<arg>${my_data_as_list_a}</arg>
<arg>${my_data_cola}</arg>
<doc>Adds ``values`` to the end of ``list``.</doc>
<status status="PASS" starttime="20231218 19:00:55.130" endtime="20231218 19:00:55.130"/>
</kw>
<kw name="Append To List" library="Collections">
<arg>${my_data_as_list_b}</arg>
<arg>${my_data_colb}</arg>
<doc>Adds ``values`` to the end of ``list``.</doc>
<status status="PASS" starttime="20231218 19:00:55.130" endtime="20231218 19:00:55.131"/>
</kw>
<status status="PASS" starttime="20231218 19:00:55.127" endtime="20231218 19:00:55.131"/>
</iter>
<iter>
<var name="${i}">24</var>
<kw name="Set Variable" library="BuiltIn">
<var>${rownum}</var>
<arg>${${i} + ${1}}</arg>
<doc>Returns the given values which can then be assigned to a variables.</doc>
<msg timestamp="20231218 19:00:55.132" level="INFO">${rownum} = 25</msg>
<status status="PASS" starttime="20231218 19:00:55.131" endtime="20231218 19:00:55.132"/>
</kw>
<kw name="Read Excel Cell" library="ExcelLibrary">
<var>${my_data_cola}</var>
<arg>row_num=${rownum}</arg>
<arg>col_num=1</arg>
<doc>Returns content of a cell.</doc>
<msg timestamp="20231218 19:00:55.133" level="INFO">${my_data_cola} = SFP-1000BaseT</msg>
<status status="PASS" starttime="20231218 19:00:55.133" endtime="20231218 19:00:55.133"/>
</kw>
<kw name="Read Excel Cell" library="ExcelLibrary">
<var>${my_data_colb}</var>
<arg>row_num=${rownum}</arg>
<arg>col_num=2</arg>
<doc>Returns content of a cell.</doc>
<msg timestamp="20231218 19:00:55.134" level="INFO">${my_data_colb} = HR221500012104</msg>
<status status="PASS" starttime="20231218 19:00:55.133" endtime="20231218 19:00:55.134"/>
</kw>
<kw name="Append To List" library="Collections">
<arg>${my_data_as_list_a}</arg>
<arg>${my_data_cola}</arg>
<doc>Adds ``values`` to the end of ``list``.</doc>
<status status="PASS" starttime="20231218 19:00:55.134" endtime="20231218 19:00:55.134"/>
</kw>
<kw name="Append To List" library="Collections">
<arg>${my_data_as_list_b}</arg>
<arg>${my_data_colb}</arg>
<doc>Adds ``values`` to the end of ``list``.</doc>
<status status="PASS" starttime="20231218 19:00:55.134" endtime="20231218 19:00:55.135"/>
</kw>
<status status="PASS" starttime="20231218 19:00:55.131" endtime="20231218 19:00:55.135"/>
</iter>
<iter>
<var name="${i}">25</var>
<kw name="Set Variable" library="BuiltIn">
<var>${rownum}</var>
<arg>${${i} + ${1}}</arg>
<doc>Returns the given values which can then be assigned to a variables.</doc>
<msg timestamp="20231218 19:00:55.136" level="INFO">${rownum} = 26</msg>
<status status="PASS" starttime="20231218 19:00:55.135" endtime="20231218 19:00:55.136"/>
</kw>
<kw name="Read Excel Cell" library="ExcelLibrary">
<var>${my_data_cola}</var>
<arg>row_num=${rownum}</arg>
<arg>col_num=1</arg>
<doc>Returns content of a cell.</doc>
<msg timestamp="20231218 19:00:55.137" level="INFO">${my_data_cola} = SFP-1000BaseT</msg>
<status status="PASS" starttime="20231218 19:00:55.137" endtime="20231218 19:00:55.137"/>
</kw>
<kw name="Read Excel Cell" library="ExcelLibrary">
<var>${my_data_colb}</var>
<arg>row_num=${rownum}</arg>
<arg>col_num=2</arg>
<doc>Returns content of a cell.</doc>
<msg timestamp="20231218 19:00:55.138" level="INFO">${my_data_colb} = HC221200191013</msg>
<status status="PASS" starttime="20231218 19:00:55.137" endtime="20231218 19:00:55.138"/>
</kw>
<kw name="Append To List" library="Collections">
<arg>${my_data_as_list_a}</arg>
<arg>${my_data_cola}</arg>
<doc>Adds ``values`` to the end of ``list``.</doc>
<status status="PASS" starttime="20231218 19:00:55.138" endtime="20231218 19:00:55.139"/>
</kw>
<kw name="Append To List" library="Collections">
<arg>${my_data_as_list_b}</arg>
<arg>${my_data_colb}</arg>
<doc>Adds ``values`` to the end of ``list``.</doc>
<status status="PASS" starttime="20231218 19:00:55.139" endtime="20231218 19:00:55.139"/>
</kw>
<status status="PASS" starttime="20231218 19:00:55.135" endtime="20231218 19:00:55.139"/>
</iter>
<iter>
<var name="${i}">26</var>
<kw name="Set Variable" library="BuiltIn">
<var>${rownum}</var>
<arg>${${i} + ${1}}</arg>
<doc>Returns the given values which can then be assigned to a variables.</doc>
<msg timestamp="20231218 19:00:55.140" level="INFO">${rownum} = 27</msg>
<status status="PASS" starttime="20231218 19:00:55.139" endtime="20231218 19:00:55.140"/>
</kw>
<kw name="Read Excel Cell" library="ExcelLibrary">
<var>${my_data_cola}</var>
<arg>row_num=${rownum}</arg>
<arg>col_num=1</arg>
<doc>Returns content of a cell.</doc>
<msg timestamp="20231218 19:00:55.141" level="INFO">${my_data_cola} = SFP-1000BaseT</msg>
<status status="PASS" starttime="20231218 19:00:55.141" endtime="20231218 19:00:55.141"/>
</kw>
<kw name="Read Excel Cell" library="ExcelLibrary">
<var>${my_data_colb}</var>
<arg>row_num=${rownum}</arg>
<arg>col_num=2</arg>
<doc>Returns content of a cell.</doc>
<msg timestamp="20231218 19:00:55.142" level="INFO">${my_data_colb} = HR221500012136</msg>
<status status="PASS" starttime="20231218 19:00:55.142" endtime="20231218 19:00:55.143"/>
</kw>
<kw name="Append To List" library="Collections">
<arg>${my_data_as_list_a}</arg>
<arg>${my_data_cola}</arg>
<doc>Adds ``values`` to the end of ``list``.</doc>
<status status="PASS" starttime="20231218 19:00:55.143" endtime="20231218 19:00:55.143"/>
</kw>
<kw name="Append To List" library="Collections">
<arg>${my_data_as_list_b}</arg>
<arg>${my_data_colb}</arg>
<doc>Adds ``values`` to the end of ``list``.</doc>
<status status="PASS" starttime="20231218 19:00:55.143" endtime="20231218 19:00:55.144"/>
</kw>
<status status="PASS" starttime="20231218 19:00:55.139" endtime="20231218 19:00:55.144"/>
</iter>
<iter>
<var name="${i}">27</var>
<kw name="Set Variable" library="BuiltIn">
<var>${rownum}</var>
<arg>${${i} + ${1}}</arg>
<doc>Returns the given values which can then be assigned to a variables.</doc>
<msg timestamp="20231218 19:00:55.145" level="INFO">${rownum} = 28</msg>
<status status="PASS" starttime="20231218 19:00:55.144" endtime="20231218 19:00:55.145"/>
</kw>
<kw name="Read Excel Cell" library="ExcelLibrary">
<var>${my_data_cola}</var>
<arg>row_num=${rownum}</arg>
<arg>col_num=1</arg>
<doc>Returns content of a cell.</doc>
<msg timestamp="20231218 19:00:55.146" level="INFO">${my_data_cola} = SFP-1000BaseT</msg>
<status status="PASS" starttime="20231218 19:00:55.145" endtime="20231218 19:00:55.146"/>
</kw>
<kw name="Read Excel Cell" library="ExcelLibrary">
<var>${my_data_colb}</var>
<arg>row_num=${rownum}</arg>
<arg>col_num=2</arg>
<doc>Returns content of a cell.</doc>
<msg timestamp="20231218 19:00:55.147" level="INFO">${my_data_colb} = HR221500012142</msg>
<status status="PASS" starttime="20231218 19:00:55.146" endtime="20231218 19:00:55.147"/>
</kw>
<kw name="Append To List" library="Collections">
<arg>${my_data_as_list_a}</arg>
<arg>${my_data_cola}</arg>
<doc>Adds ``values`` to the end of ``list``.</doc>
<status status="PASS" starttime="20231218 19:00:55.147" endtime="20231218 19:00:55.147"/>
</kw>
<kw name="Append To List" library="Collections">
<arg>${my_data_as_list_b}</arg>
<arg>${my_data_colb}</arg>
<doc>Adds ``values`` to the end of ``list``.</doc>
<status status="PASS" starttime="20231218 19:00:55.147" endtime="20231218 19:00:55.148"/>
</kw>
<status status="PASS" starttime="20231218 19:00:55.144" endtime="20231218 19:00:55.148"/>
</iter>
<iter>
<var name="${i}">28</var>
<kw name="Set Variable" library="BuiltIn">
<var>${rownum}</var>
<arg>${${i} + ${1}}</arg>
<doc>Returns the given values which can then be assigned to a variables.</doc>
<msg timestamp="20231218 19:00:55.149" level="INFO">${rownum} = 29</msg>
<status status="PASS" starttime="20231218 19:00:55.148" endtime="20231218 19:00:55.149"/>
</kw>
<kw name="Read Excel Cell" library="ExcelLibrary">
<var>${my_data_cola}</var>
<arg>row_num=${rownum}</arg>
<arg>col_num=1</arg>
<doc>Returns content of a cell.</doc>
<msg timestamp="20231218 19:00:55.150" level="INFO">${my_data_cola} = SFP-1000BaseT</msg>
<status status="PASS" starttime="20231218 19:00:55.150" endtime="20231218 19:00:55.150"/>
</kw>
<kw name="Read Excel Cell" library="ExcelLibrary">
<var>${my_data_colb}</var>
<arg>row_num=${rownum}</arg>
<arg>col_num=2</arg>
<doc>Returns content of a cell.</doc>
<msg timestamp="20231218 19:00:55.151" level="INFO">${my_data_colb} = HC221200192045</msg>
<status status="PASS" starttime="20231218 19:00:55.150" endtime="20231218 19:00:55.151"/>
</kw>
<kw name="Append To List" library="Collections">
<arg>${my_data_as_list_a}</arg>
<arg>${my_data_cola}</arg>
<doc>Adds ``values`` to the end of ``list``.</doc>
<status status="PASS" starttime="20231218 19:00:55.151" endtime="20231218 19:00:55.152"/>
</kw>
<kw name="Append To List" library="Collections">
<arg>${my_data_as_list_b}</arg>
<arg>${my_data_colb}</arg>
<doc>Adds ``values`` to the end of ``list``.</doc>
<status status="PASS" starttime="20231218 19:00:55.152" endtime="20231218 19:00:55.152"/>
</kw>
<status status="PASS" starttime="20231218 19:00:55.148" endtime="20231218 19:00:55.152"/>
</iter>
<iter>
<var name="${i}">29</var>
<kw name="Set Variable" library="BuiltIn">
<var>${rownum}</var>
<arg>${${i} + ${1}}</arg>
<doc>Returns the given values which can then be assigned to a variables.</doc>
<msg timestamp="20231218 19:00:55.154" level="INFO">${rownum} = 30</msg>
<status status="PASS" starttime="20231218 19:00:55.153" endtime="20231218 19:00:55.154"/>
</kw>
<kw name="Read Excel Cell" library="ExcelLibrary">
<var>${my_data_cola}</var>
<arg>row_num=${rownum}</arg>
<arg>col_num=1</arg>
<doc>Returns content of a cell.</doc>
<msg timestamp="20231218 19:00:55.154" level="INFO">${my_data_cola} = SFP-1000BaseT</msg>
<status status="PASS" starttime="20231218 19:00:55.154" endtime="20231218 19:00:55.154"/>
</kw>
<kw name="Read Excel Cell" library="ExcelLibrary">
<var>${my_data_colb}</var>
<arg>row_num=${rownum}</arg>
<arg>col_num=2</arg>
<doc>Returns content of a cell.</doc>
<msg timestamp="20231218 19:00:55.155" level="INFO">${my_data_colb} = HR221500011282</msg>
<status status="PASS" starttime="20231218 19:00:55.155" endtime="20231218 19:00:55.155"/>
</kw>
<kw name="Append To List" library="Collections">
<arg>${my_data_as_list_a}</arg>
<arg>${my_data_cola}</arg>
<doc>Adds ``values`` to the end of ``list``.</doc>
<status status="PASS" starttime="20231218 19:00:55.155" endtime="20231218 19:00:55.156"/>
</kw>
<kw name="Append To List" library="Collections">
<arg>${my_data_as_list_b}</arg>
<arg>${my_data_colb}</arg>
<doc>Adds ``values`` to the end of ``list``.</doc>
<status status="PASS" starttime="20231218 19:00:55.156" endtime="20231218 19:00:55.156"/>
</kw>
<status status="PASS" starttime="20231218 19:00:55.152" endtime="20231218 19:00:55.156"/>
</iter>
<iter>
<var name="${i}">30</var>
<kw name="Set Variable" library="BuiltIn">
<var>${rownum}</var>
<arg>${${i} + ${1}}</arg>
<doc>Returns the given values which can then be assigned to a variables.</doc>
<msg timestamp="20231218 19:00:55.158" level="INFO">${rownum} = 31</msg>
<status status="PASS" starttime="20231218 19:00:55.157" endtime="20231218 19:00:55.158"/>
</kw>
<kw name="Read Excel Cell" library="ExcelLibrary">
<var>${my_data_cola}</var>
<arg>row_num=${rownum}</arg>
<arg>col_num=1</arg>
<doc>Returns content of a cell.</doc>
<msg timestamp="20231218 19:00:55.159" level="INFO">${my_data_cola} = SFP-1000BaseT</msg>
<status status="PASS" starttime="20231218 19:00:55.158" endtime="20231218 19:00:55.159"/>
</kw>
<kw name="Read Excel Cell" library="ExcelLibrary">
<var>${my_data_colb}</var>
<arg>row_num=${rownum}</arg>
<arg>col_num=2</arg>
<doc>Returns content of a cell.</doc>
<msg timestamp="20231218 19:00:55.159" level="INFO">${my_data_colb} = HR221500012102</msg>
<status status="PASS" starttime="20231218 19:00:55.159" endtime="20231218 19:00:55.159"/>
</kw>
<kw name="Append To List" library="Collections">
<arg>${my_data_as_list_a}</arg>
<arg>${my_data_cola}</arg>
<doc>Adds ``values`` to the end of ``list``.</doc>
<status status="PASS" starttime="20231218 19:00:55.160" endtime="20231218 19:00:55.160"/>
</kw>
<kw name="Append To List" library="Collections">
<arg>${my_data_as_list_b}</arg>
<arg>${my_data_colb}</arg>
<doc>Adds ``values`` to the end of ``list``.</doc>
<status status="PASS" starttime="20231218 19:00:55.160" endtime="20231218 19:00:55.161"/>
</kw>
<status status="PASS" starttime="20231218 19:00:55.157" endtime="20231218 19:00:55.161"/>
</iter>
<iter>
<var name="${i}">31</var>
<kw name="Set Variable" library="BuiltIn">
<var>${rownum}</var>
<arg>${${i} + ${1}}</arg>
<doc>Returns the given values which can then be assigned to a variables.</doc>
<msg timestamp="20231218 19:00:55.162" level="INFO">${rownum} = 32</msg>
<status status="PASS" starttime="20231218 19:00:55.161" endtime="20231218 19:00:55.162"/>
</kw>
<kw name="Read Excel Cell" library="ExcelLibrary">
<var>${my_data_cola}</var>
<arg>row_num=${rownum}</arg>
<arg>col_num=1</arg>
<doc>Returns content of a cell.</doc>
<msg timestamp="20231218 19:00:55.163" level="INFO">${my_data_cola} = SFP-1000BaseT</msg>
<status status="PASS" starttime="20231218 19:00:55.162" endtime="20231218 19:00:55.163"/>
</kw>
<kw name="Read Excel Cell" library="ExcelLibrary">
<var>${my_data_colb}</var>
<arg>row_num=${rownum}</arg>
<arg>col_num=2</arg>
<doc>Returns content of a cell.</doc>
<msg timestamp="20231218 19:00:55.164" level="INFO">${my_data_colb} = HR221500011296</msg>
<status status="PASS" starttime="20231218 19:00:55.163" endtime="20231218 19:00:55.164"/>
</kw>
<kw name="Append To List" library="Collections">
<arg>${my_data_as_list_a}</arg>
<arg>${my_data_cola}</arg>
<doc>Adds ``values`` to the end of ``list``.</doc>
<status status="PASS" starttime="20231218 19:00:55.164" endtime="20231218 19:00:55.164"/>
</kw>
<kw name="Append To List" library="Collections">
<arg>${my_data_as_list_b}</arg>
<arg>${my_data_colb}</arg>
<doc>Adds ``values`` to the end of ``list``.</doc>
<status status="PASS" starttime="20231218 19:00:55.165" endtime="20231218 19:00:55.165"/>
</kw>
<status status="PASS" starttime="20231218 19:00:55.161" endtime="20231218 19:00:55.165"/>
</iter>
<iter>
<var name="${i}">32</var>
<kw name="Set Variable" library="BuiltIn">
<var>${rownum}</var>
<arg>${${i} + ${1}}</arg>
<doc>Returns the given values which can then be assigned to a variables.</doc>
<msg timestamp="20231218 19:00:55.166" level="INFO">${rownum} = 33</msg>
<status status="PASS" starttime="20231218 19:00:55.165" endtime="20231218 19:00:55.166"/>
</kw>
<kw name="Read Excel Cell" library="ExcelLibrary">
<var>${my_data_cola}</var>
<arg>row_num=${rownum}</arg>
<arg>col_num=1</arg>
<doc>Returns content of a cell.</doc>
<msg timestamp="20231218 19:00:55.167" level="INFO">${my_data_cola} = SFP-1000BaseT</msg>
<status status="PASS" starttime="20231218 19:00:55.167" endtime="20231218 19:00:55.167"/>
</kw>
<kw name="Read Excel Cell" library="ExcelLibrary">
<var>${my_data_colb}</var>
<arg>row_num=${rownum}</arg>
<arg>col_num=2</arg>
<doc>Returns content of a cell.</doc>
<msg timestamp="20231218 19:00:55.168" level="INFO">${my_data_colb} = HR221500012145</msg>
<status status="PASS" starttime="20231218 19:00:55.167" endtime="20231218 19:00:55.168"/>
</kw>
<kw name="Append To List" library="Collections">
<arg>${my_data_as_list_a}</arg>
<arg>${my_data_cola}</arg>
<doc>Adds ``values`` to the end of ``list``.</doc>
<status status="PASS" starttime="20231218 19:00:55.168" endtime="20231218 19:00:55.169"/>
</kw>
<kw name="Append To List" library="Collections">
<arg>${my_data_as_list_b}</arg>
<arg>${my_data_colb}</arg>
<doc>Adds ``values`` to the end of ``list``.</doc>
<status status="PASS" starttime="20231218 19:00:55.169" endtime="20231218 19:00:55.169"/>
</kw>
<status status="PASS" starttime="20231218 19:00:55.165" endtime="20231218 19:00:55.169"/>
</iter>
<iter>
<var name="${i}">33</var>
<kw name="Set Variable" library="BuiltIn">
<var>${rownum}</var>
<arg>${${i} + ${1}}</arg>
<doc>Returns the given values which can then be assigned to a variables.</doc>
<msg timestamp="20231218 19:00:55.171" level="INFO">${rownum} = 34</msg>
<status status="PASS" starttime="20231218 19:00:55.170" endtime="20231218 19:00:55.171"/>
</kw>
<kw name="Read Excel Cell" library="ExcelLibrary">
<var>${my_data_cola}</var>
<arg>row_num=${rownum}</arg>
<arg>col_num=1</arg>
<doc>Returns content of a cell.</doc>
<msg timestamp="20231218 19:00:55.171" level="INFO">${my_data_cola} = SFP-10G-LR</msg>
<status status="PASS" starttime="20231218 19:00:55.171" endtime="20231218 19:00:55.171"/>
</kw>
<kw name="Read Excel Cell" library="ExcelLibrary">
<var>${my_data_colb}</var>
<arg>row_num=${rownum}</arg>
<arg>col_num=2</arg>
<doc>Returns content of a cell.</doc>
<msg timestamp="20231218 19:00:55.172" level="INFO">${my_data_colb} = UJLD2D01U8S</msg>
<status status="PASS" starttime="20231218 19:00:55.172" endtime="20231218 19:00:55.172"/>
</kw>
<kw name="Append To List" library="Collections">
<arg>${my_data_as_list_a}</arg>
<arg>${my_data_cola}</arg>
<doc>Adds ``values`` to the end of ``list``.</doc>
<status status="PASS" starttime="20231218 19:00:55.172" endtime="20231218 19:00:55.173"/>
</kw>
<kw name="Append To List" library="Collections">
<arg>${my_data_as_list_b}</arg>
<arg>${my_data_colb}</arg>
<doc>Adds ``values`` to the end of ``list``.</doc>
<status status="PASS" starttime="20231218 19:00:55.173" endtime="20231218 19:00:55.174"/>
</kw>
<status status="PASS" starttime="20231218 19:00:55.169" endtime="20231218 19:00:55.174"/>
</iter>
<iter>
<var name="${i}">34</var>
<kw name="Set Variable" library="BuiltIn">
<var>${rownum}</var>
<arg>${${i} + ${1}}</arg>
<doc>Returns the given values which can then be assigned to a variables.</doc>
<msg timestamp="20231218 19:00:55.175" level="INFO">${rownum} = 35</msg>
<status status="PASS" starttime="20231218 19:00:55.174" endtime="20231218 19:00:55.175"/>
</kw>
<kw name="Read Excel Cell" library="ExcelLibrary">
<var>${my_data_cola}</var>
<arg>row_num=${rownum}</arg>
<arg>col_num=1</arg>
<doc>Returns content of a cell.</doc>
<msg timestamp="20231218 19:00:55.176" level="INFO">${my_data_cola} = SFP-10G-LR</msg>
<status status="PASS" starttime="20231218 19:00:55.175" endtime="20231218 19:00:55.176"/>
</kw>
<kw name="Read Excel Cell" library="ExcelLibrary">
<var>${my_data_colb}</var>
<arg>row_num=${rownum}</arg>
<arg>col_num=2</arg>
<doc>Returns content of a cell.</doc>
<msg timestamp="20231218 19:00:55.176" level="INFO">${my_data_colb} = UJLD2D02DEL</msg>
<status status="PASS" starttime="20231218 19:00:55.176" endtime="20231218 19:00:55.176"/>
</kw>
<kw name="Append To List" library="Collections">
<arg>${my_data_as_list_a}</arg>
<arg>${my_data_cola}</arg>
<doc>Adds ``values`` to the end of ``list``.</doc>
<status status="PASS" starttime="20231218 19:00:55.177" endtime="20231218 19:00:55.177"/>
</kw>
<kw name="Append To List" library="Collections">
<arg>${my_data_as_list_b}</arg>
<arg>${my_data_colb}</arg>
<doc>Adds ``values`` to the end of ``list``.</doc>
<status status="PASS" starttime="20231218 19:00:55.177" endtime="20231218 19:00:55.178"/>
</kw>
<status status="PASS" starttime="20231218 19:00:55.174" endtime="20231218 19:00:55.178"/>
</iter>
<iter>
<var name="${i}">35</var>
<kw name="Set Variable" library="BuiltIn">
<var>${rownum}</var>
<arg>${${i} + ${1}}</arg>
<doc>Returns the given values which can then be assigned to a variables.</doc>
<msg timestamp="20231218 19:00:55.179" level="INFO">${rownum} = 36</msg>
<status status="PASS" starttime="20231218 19:00:55.178" endtime="20231218 19:00:55.179"/>
</kw>
<kw name="Read Excel Cell" library="ExcelLibrary">
<var>${my_data_cola}</var>
<arg>row_num=${rownum}</arg>
<arg>col_num=1</arg>
<doc>Returns content of a cell.</doc>
<msg timestamp="20231218 19:00:55.180" level="INFO">${my_data_cola} = SFP-10G-LR</msg>
<status status="PASS" starttime="20231218 19:00:55.179" endtime="20231218 19:00:55.180"/>
</kw>
<kw name="Read Excel Cell" library="ExcelLibrary">
<var>${my_data_colb}</var>
<arg>row_num=${rownum}</arg>
<arg>col_num=2</arg>
<doc>Returns content of a cell.</doc>
<msg timestamp="20231218 19:00:55.181" level="INFO">${my_data_colb} = UJLD2D022PD</msg>
<status status="PASS" starttime="20231218 19:00:55.180" endtime="20231218 19:00:55.181"/>
</kw>
<kw name="Append To List" library="Collections">
<arg>${my_data_as_list_a}</arg>
<arg>${my_data_cola}</arg>
<doc>Adds ``values`` to the end of ``list``.</doc>
<status status="PASS" starttime="20231218 19:00:55.181" endtime="20231218 19:00:55.181"/>
</kw>
<kw name="Append To List" library="Collections">
<arg>${my_data_as_list_b}</arg>
<arg>${my_data_colb}</arg>
<doc>Adds ``values`` to the end of ``list``.</doc>
<status status="PASS" starttime="20231218 19:00:55.182" endtime="20231218 19:00:55.182"/>
</kw>
<status status="PASS" starttime="20231218 19:00:55.178" endtime="20231218 19:00:55.182"/>
</iter>
<iter>
<var name="${i}">36</var>
<kw name="Set Variable" library="BuiltIn">
<var>${rownum}</var>
<arg>${${i} + ${1}}</arg>
<doc>Returns the given values which can then be assigned to a variables.</doc>
<msg timestamp="20231218 19:00:55.183" level="INFO">${rownum} = 37</msg>
<status status="PASS" starttime="20231218 19:00:55.182" endtime="20231218 19:00:55.183"/>
</kw>
<kw name="Read Excel Cell" library="ExcelLibrary">
<var>${my_data_cola}</var>
<arg>row_num=${rownum}</arg>
<arg>col_num=1</arg>
<doc>Returns content of a cell.</doc>
<msg timestamp="20231218 19:00:55.184" level="INFO">${my_data_cola} = SFP-10G-LR</msg>
<status status="PASS" starttime="20231218 19:00:55.184" endtime="20231218 19:00:55.184"/>
</kw>
<kw name="Read Excel Cell" library="ExcelLibrary">
<var>${my_data_colb}</var>
<arg>row_num=${rownum}</arg>
<arg>col_num=2</arg>
<doc>Returns content of a cell.</doc>
<msg timestamp="20231218 19:00:55.185" level="INFO">${my_data_colb} = UJLD2D01YKL</msg>
<status status="PASS" starttime="20231218 19:00:55.184" endtime="20231218 19:00:55.185"/>
</kw>
<kw name="Append To List" library="Collections">
<arg>${my_data_as_list_a}</arg>
<arg>${my_data_cola}</arg>
<doc>Adds ``values`` to the end of ``list``.</doc>
<status status="PASS" starttime="20231218 19:00:55.185" endtime="20231218 19:00:55.186"/>
</kw>
<kw name="Append To List" library="Collections">
<arg>${my_data_as_list_b}</arg>
<arg>${my_data_colb}</arg>
<doc>Adds ``values`` to the end of ``list``.</doc>
<status status="PASS" starttime="20231218 19:00:55.186" endtime="20231218 19:00:55.186"/>
</kw>
<status status="PASS" starttime="20231218 19:00:55.182" endtime="20231218 19:00:55.186"/>
</iter>
<iter>
<var name="${i}">37</var>
<kw name="Set Variable" library="BuiltIn">
<var>${rownum}</var>
<arg>${${i} + ${1}}</arg>
<doc>Returns the given values which can then be assigned to a variables.</doc>
<msg timestamp="20231218 19:00:55.188" level="INFO">${rownum} = 38</msg>
<status status="PASS" starttime="20231218 19:00:55.187" endtime="20231218 19:00:55.188"/>
</kw>
<kw name="Read Excel Cell" library="ExcelLibrary">
<var>${my_data_cola}</var>
<arg>row_num=${rownum}</arg>
<arg>col_num=1</arg>
<doc>Returns content of a cell.</doc>
<msg timestamp="20231218 19:00:55.189" level="INFO">${my_data_cola} = SFP-10G-LR</msg>
<status status="PASS" starttime="20231218 19:00:55.188" endtime="20231218 19:00:55.189"/>
</kw>
<kw name="Read Excel Cell" library="ExcelLibrary">
<var>${my_data_colb}</var>
<arg>row_num=${rownum}</arg>
<arg>col_num=2</arg>
<doc>Returns content of a cell.</doc>
<msg timestamp="20231218 19:00:55.189" level="INFO">${my_data_colb} = UJLD2D01YLX</msg>
<status status="PASS" starttime="20231218 19:00:55.189" endtime="20231218 19:00:55.189"/>
</kw>
<kw name="Append To List" library="Collections">
<arg>${my_data_as_list_a}</arg>
<arg>${my_data_cola}</arg>
<doc>Adds ``values`` to the end of ``list``.</doc>
<status status="PASS" starttime="20231218 19:00:55.189" endtime="20231218 19:00:55.190"/>
</kw>
<kw name="Append To List" library="Collections">
<arg>${my_data_as_list_b}</arg>
<arg>${my_data_colb}</arg>
<doc>Adds ``values`` to the end of ``list``.</doc>
<status status="PASS" starttime="20231218 19:00:55.190" endtime="20231218 19:00:55.190"/>
</kw>
<status status="PASS" starttime="20231218 19:00:55.186" endtime="20231218 19:00:55.191"/>
</iter>
<iter>
<var name="${i}">38</var>
<kw name="Set Variable" library="BuiltIn">
<var>${rownum}</var>
<arg>${${i} + ${1}}</arg>
<doc>Returns the given values which can then be assigned to a variables.</doc>
<msg timestamp="20231218 19:00:55.192" level="INFO">${rownum} = 39</msg>
<status status="PASS" starttime="20231218 19:00:55.191" endtime="20231218 19:00:55.192"/>
</kw>
<kw name="Read Excel Cell" library="ExcelLibrary">
<var>${my_data_cola}</var>
<arg>row_num=${rownum}</arg>
<arg>col_num=1</arg>
<doc>Returns content of a cell.</doc>
<msg timestamp="20231218 19:00:55.193" level="INFO">${my_data_cola} = SFP-10G-LR</msg>
<status status="PASS" starttime="20231218 19:00:55.192" endtime="20231218 19:00:55.193"/>
</kw>
<kw name="Read Excel Cell" library="ExcelLibrary">
<var>${my_data_colb}</var>
<arg>row_num=${rownum}</arg>
<arg>col_num=2</arg>
<doc>Returns content of a cell.</doc>
<msg timestamp="20231218 19:00:55.193" level="INFO">${my_data_colb} = UJLD2D02961</msg>
<status status="PASS" starttime="20231218 19:00:55.193" endtime="20231218 19:00:55.194"/>
</kw>
<kw name="Append To List" library="Collections">
<arg>${my_data_as_list_a}</arg>
<arg>${my_data_cola}</arg>
<doc>Adds ``values`` to the end of ``list``.</doc>
<status status="PASS" starttime="20231218 19:00:55.194" endtime="20231218 19:00:55.194"/>
</kw>
<kw name="Append To List" library="Collections">
<arg>${my_data_as_list_b}</arg>
<arg>${my_data_colb}</arg>
<doc>Adds ``values`` to the end of ``list``.</doc>
<status status="PASS" starttime="20231218 19:00:55.194" endtime="20231218 19:00:55.195"/>
</kw>
<status status="PASS" starttime="20231218 19:00:55.191" endtime="20231218 19:00:55.195"/>
</iter>
<iter>
<var name="${i}">39</var>
<kw name="Set Variable" library="BuiltIn">
<var>${rownum}</var>
<arg>${${i} + ${1}}</arg>
<doc>Returns the given values which can then be assigned to a variables.</doc>
<msg timestamp="20231218 19:00:55.196" level="INFO">${rownum} = 40</msg>
<status status="PASS" starttime="20231218 19:00:55.195" endtime="20231218 19:00:55.196"/>
</kw>
<kw name="Read Excel Cell" library="ExcelLibrary">
<var>${my_data_cola}</var>
<arg>row_num=${rownum}</arg>
<arg>col_num=1</arg>
<doc>Returns content of a cell.</doc>
<msg timestamp="20231218 19:00:55.197" level="INFO">${my_data_cola} = SFP-10G-LR</msg>
<status status="PASS" starttime="20231218 19:00:55.196" endtime="20231218 19:00:55.197"/>
</kw>
<kw name="Read Excel Cell" library="ExcelLibrary">
<var>${my_data_colb}</var>
<arg>row_num=${rownum}</arg>
<arg>col_num=2</arg>
<doc>Returns content of a cell.</doc>
<msg timestamp="20231218 19:00:55.198" level="INFO">${my_data_colb} = UJLD2D02399</msg>
<status status="PASS" starttime="20231218 19:00:55.197" endtime="20231218 19:00:55.198"/>
</kw>
<kw name="Append To List" library="Collections">
<arg>${my_data_as_list_a}</arg>
<arg>${my_data_cola}</arg>
<doc>Adds ``values`` to the end of ``list``.</doc>
<status status="PASS" starttime="20231218 19:00:55.198" endtime="20231218 19:00:55.198"/>
</kw>
<kw name="Append To List" library="Collections">
<arg>${my_data_as_list_b}</arg>
<arg>${my_data_colb}</arg>
<doc>Adds ``values`` to the end of ``list``.</doc>
<status status="PASS" starttime="20231218 19:00:55.199" endtime="20231218 19:00:55.199"/>
</kw>
<status status="PASS" starttime="20231218 19:00:55.195" endtime="20231218 19:00:55.199"/>
</iter>
<iter>
<var name="${i}">40</var>
<kw name="Set Variable" library="BuiltIn">
<var>${rownum}</var>
<arg>${${i} + ${1}}</arg>
<doc>Returns the given values which can then be assigned to a variables.</doc>
<msg timestamp="20231218 19:00:55.200" level="INFO">${rownum} = 41</msg>
<status status="PASS" starttime="20231218 19:00:55.199" endtime="20231218 19:00:55.200"/>
</kw>
<kw name="Read Excel Cell" library="ExcelLibrary">
<var>${my_data_cola}</var>
<arg>row_num=${rownum}</arg>
<arg>col_num=1</arg>
<doc>Returns content of a cell.</doc>
<msg timestamp="20231218 19:00:55.201" level="INFO">${my_data_cola} = SFP-10G-LR</msg>
<status status="PASS" starttime="20231218 19:00:55.200" endtime="20231218 19:00:55.201"/>
</kw>
<kw name="Read Excel Cell" library="ExcelLibrary">
<var>${my_data_colb}</var>
<arg>row_num=${rownum}</arg>
<arg>col_num=2</arg>
<doc>Returns content of a cell.</doc>
<msg timestamp="20231218 19:00:55.202" level="INFO">${my_data_colb} = UJLD2D0213C</msg>
<status status="PASS" starttime="20231218 19:00:55.201" endtime="20231218 19:00:55.202"/>
</kw>
<kw name="Append To List" library="Collections">
<arg>${my_data_as_list_a}</arg>
<arg>${my_data_cola}</arg>
<doc>Adds ``values`` to the end of ``list``.</doc>
<status status="PASS" starttime="20231218 19:00:55.202" endtime="20231218 19:00:55.202"/>
</kw>
<kw name="Append To List" library="Collections">
<arg>${my_data_as_list_b}</arg>
<arg>${my_data_colb}</arg>
<doc>Adds ``values`` to the end of ``list``.</doc>
<status status="PASS" starttime="20231218 19:00:55.202" endtime="20231218 19:00:55.203"/>
</kw>
<status status="PASS" starttime="20231218 19:00:55.199" endtime="20231218 19:00:55.203"/>
</iter>
<iter>
<var name="${i}">41</var>
<kw name="Set Variable" library="BuiltIn">
<var>${rownum}</var>
<arg>${${i} + ${1}}</arg>
<doc>Returns the given values which can then be assigned to a variables.</doc>
<msg timestamp="20231218 19:00:55.204" level="INFO">${rownum} = 42</msg>
<status status="PASS" starttime="20231218 19:00:55.203" endtime="20231218 19:00:55.205"/>
</kw>
<kw name="Read Excel Cell" library="ExcelLibrary">
<var>${my_data_cola}</var>
<arg>row_num=${rownum}</arg>
<arg>col_num=1</arg>
<doc>Returns content of a cell.</doc>
<msg timestamp="20231218 19:00:55.205" level="INFO">${my_data_cola} = SFP-10G-LR</msg>
<status status="PASS" starttime="20231218 19:00:55.205" endtime="20231218 19:00:55.205"/>
</kw>
<kw name="Read Excel Cell" library="ExcelLibrary">
<var>${my_data_colb}</var>
<arg>row_num=${rownum}</arg>
<arg>col_num=2</arg>
<doc>Returns content of a cell.</doc>
<msg timestamp="20231218 19:00:55.206" level="INFO">${my_data_colb} = UJLD2D026A6</msg>
<status status="PASS" starttime="20231218 19:00:55.206" endtime="20231218 19:00:55.206"/>
</kw>
<kw name="Append To List" library="Collections">
<arg>${my_data_as_list_a}</arg>
<arg>${my_data_cola}</arg>
<doc>Adds ``values`` to the end of ``list``.</doc>
<status status="PASS" starttime="20231218 19:00:55.206" endtime="20231218 19:00:55.207"/>
</kw>
<kw name="Append To List" library="Collections">
<arg>${my_data_as_list_b}</arg>
<arg>${my_data_colb}</arg>
<doc>Adds ``values`` to the end of ``list``.</doc>
<status status="PASS" starttime="20231218 19:00:55.207" endtime="20231218 19:00:55.207"/>
</kw>
<status status="PASS" starttime="20231218 19:00:55.203" endtime="20231218 19:00:55.207"/>
</iter>
<iter>
<var name="${i}">42</var>
<kw name="Set Variable" library="BuiltIn">
<var>${rownum}</var>
<arg>${${i} + ${1}}</arg>
<doc>Returns the given values which can then be assigned to a variables.</doc>
<msg timestamp="20231218 19:00:55.209" level="INFO">${rownum} = 43</msg>
<status status="PASS" starttime="20231218 19:00:55.208" endtime="20231218 19:00:55.209"/>
</kw>
<kw name="Read Excel Cell" library="ExcelLibrary">
<var>${my_data_cola}</var>
<arg>row_num=${rownum}</arg>
<arg>col_num=1</arg>
<doc>Returns content of a cell.</doc>
<msg timestamp="20231218 19:00:55.210" level="INFO">${my_data_cola} = SFP-10G-LR</msg>
<status status="PASS" starttime="20231218 19:00:55.209" endtime="20231218 19:00:55.210"/>
</kw>
<kw name="Read Excel Cell" library="ExcelLibrary">
<var>${my_data_colb}</var>
<arg>row_num=${rownum}</arg>
<arg>col_num=2</arg>
<doc>Returns content of a cell.</doc>
<msg timestamp="20231218 19:00:55.210" level="INFO">${my_data_colb} = UJLD2D01DCK</msg>
<status status="PASS" starttime="20231218 19:00:55.210" endtime="20231218 19:00:55.211"/>
</kw>
<kw name="Append To List" library="Collections">
<arg>${my_data_as_list_a}</arg>
<arg>${my_data_cola}</arg>
<doc>Adds ``values`` to the end of ``list``.</doc>
<status status="PASS" starttime="20231218 19:00:55.211" endtime="20231218 19:00:55.211"/>
</kw>
<kw name="Append To List" library="Collections">
<arg>${my_data_as_list_b}</arg>
<arg>${my_data_colb}</arg>
<doc>Adds ``values`` to the end of ``list``.</doc>
<status status="PASS" starttime="20231218 19:00:55.211" endtime="20231218 19:00:55.212"/>
</kw>
<status status="PASS" starttime="20231218 19:00:55.208" endtime="20231218 19:00:55.212"/>
</iter>
<iter>
<var name="${i}">43</var>
<kw name="Set Variable" library="BuiltIn">
<var>${rownum}</var>
<arg>${${i} + ${1}}</arg>
<doc>Returns the given values which can then be assigned to a variables.</doc>
<msg timestamp="20231218 19:00:55.213" level="INFO">${rownum} = 44</msg>
<status status="PASS" starttime="20231218 19:00:55.212" endtime="20231218 19:00:55.213"/>
</kw>
<kw name="Read Excel Cell" library="ExcelLibrary">
<var>${my_data_cola}</var>
<arg>row_num=${rownum}</arg>
<arg>col_num=1</arg>
<doc>Returns content of a cell.</doc>
<msg timestamp="20231218 19:00:55.214" level="INFO">${my_data_cola} = SFP-10G-LR</msg>
<status status="PASS" starttime="20231218 19:00:55.213" endtime="20231218 19:00:55.214"/>
</kw>
<kw name="Read Excel Cell" library="ExcelLibrary">
<var>${my_data_colb}</var>
<arg>row_num=${rownum}</arg>
<arg>col_num=2</arg>
<doc>Returns content of a cell.</doc>
<msg timestamp="20231218 19:00:55.215" level="INFO">${my_data_colb} = UJLD2D01XD2</msg>
<status status="PASS" starttime="20231218 19:00:55.214" endtime="20231218 19:00:55.215"/>
</kw>
<kw name="Append To List" library="Collections">
<arg>${my_data_as_list_a}</arg>
<arg>${my_data_cola}</arg>
<doc>Adds ``values`` to the end of ``list``.</doc>
<status status="PASS" starttime="20231218 19:00:55.215" endtime="20231218 19:00:55.216"/>
</kw>
<kw name="Append To List" library="Collections">
<arg>${my_data_as_list_b}</arg>
<arg>${my_data_colb}</arg>
<doc>Adds ``values`` to the end of ``list``.</doc>
<status status="PASS" starttime="20231218 19:00:55.216" endtime="20231218 19:00:55.216"/>
</kw>
<status status="PASS" starttime="20231218 19:00:55.212" endtime="20231218 19:00:55.216"/>
</iter>
<iter>
<var name="${i}">44</var>
<kw name="Set Variable" library="BuiltIn">
<var>${rownum}</var>
<arg>${${i} + ${1}}</arg>
<doc>Returns the given values which can then be assigned to a variables.</doc>
<msg timestamp="20231218 19:00:55.217" level="INFO">${rownum} = 45</msg>
<status status="PASS" starttime="20231218 19:00:55.217" endtime="20231218 19:00:55.218"/>
</kw>
<kw name="Read Excel Cell" library="ExcelLibrary">
<var>${my_data_cola}</var>
<arg>row_num=${rownum}</arg>
<arg>col_num=1</arg>
<doc>Returns content of a cell.</doc>
<msg timestamp="20231218 19:00:55.218" level="INFO">${my_data_cola} = SFP-10G-LR</msg>
<status status="PASS" starttime="20231218 19:00:55.218" endtime="20231218 19:00:55.218"/>
</kw>
<kw name="Read Excel Cell" library="ExcelLibrary">
<var>${my_data_colb}</var>
<arg>row_num=${rownum}</arg>
<arg>col_num=2</arg>
<doc>Returns content of a cell.</doc>
<msg timestamp="20231218 19:00:55.219" level="INFO">${my_data_colb} = UJLD2D0244E</msg>
<status status="PASS" starttime="20231218 19:00:55.218" endtime="20231218 19:00:55.219"/>
</kw>
<kw name="Append To List" library="Collections">
<arg>${my_data_as_list_a}</arg>
<arg>${my_data_cola}</arg>
<doc>Adds ``values`` to the end of ``list``.</doc>
<status status="PASS" starttime="20231218 19:00:55.219" endtime="20231218 19:00:55.220"/>
</kw>
<kw name="Append To List" library="Collections">
<arg>${my_data_as_list_b}</arg>
<arg>${my_data_colb}</arg>
<doc>Adds ``values`` to the end of ``list``.</doc>
<status status="PASS" starttime="20231218 19:00:55.220" endtime="20231218 19:00:55.220"/>
</kw>
<status status="PASS" starttime="20231218 19:00:55.216" endtime="20231218 19:00:55.220"/>
</iter>
<iter>
<var name="${i}">45</var>
<kw name="Set Variable" library="BuiltIn">
<var>${rownum}</var>
<arg>${${i} + ${1}}</arg>
<doc>Returns the given values which can then be assigned to a variables.</doc>
<msg timestamp="20231218 19:00:55.222" level="INFO">${rownum} = 46</msg>
<status status="PASS" starttime="20231218 19:00:55.221" endtime="20231218 19:00:55.222"/>
</kw>
<kw name="Read Excel Cell" library="ExcelLibrary">
<var>${my_data_cola}</var>
<arg>row_num=${rownum}</arg>
<arg>col_num=1</arg>
<doc>Returns content of a cell.</doc>
<msg timestamp="20231218 19:00:55.223" level="INFO">${my_data_cola} = SFP-10G-LR</msg>
<status status="PASS" starttime="20231218 19:00:55.222" endtime="20231218 19:00:55.223"/>
</kw>
<kw name="Read Excel Cell" library="ExcelLibrary">
<var>${my_data_colb}</var>
<arg>row_num=${rownum}</arg>
<arg>col_num=2</arg>
<doc>Returns content of a cell.</doc>
<msg timestamp="20231218 19:00:55.224" level="INFO">${my_data_colb} = UJLD2D0250Y</msg>
<status status="PASS" starttime="20231218 19:00:55.223" endtime="20231218 19:00:55.224"/>
</kw>
<kw name="Append To List" library="Collections">
<arg>${my_data_as_list_a}</arg>
<arg>${my_data_cola}</arg>
<doc>Adds ``values`` to the end of ``list``.</doc>
<status status="PASS" starttime="20231218 19:00:55.224" endtime="20231218 19:00:55.224"/>
</kw>
<kw name="Append To List" library="Collections">
<arg>${my_data_as_list_b}</arg>
<arg>${my_data_colb}</arg>
<doc>Adds ``values`` to the end of ``list``.</doc>
<status status="PASS" starttime="20231218 19:00:55.224" endtime="20231218 19:00:55.225"/>
</kw>
<status status="PASS" starttime="20231218 19:00:55.220" endtime="20231218 19:00:55.225"/>
</iter>
<iter>
<var name="${i}">46</var>
<kw name="Set Variable" library="BuiltIn">
<var>${rownum}</var>
<arg>${${i} + ${1}}</arg>
<doc>Returns the given values which can then be assigned to a variables.</doc>
<msg timestamp="20231218 19:00:55.226" level="INFO">${rownum} = 47</msg>
<status status="PASS" starttime="20231218 19:00:55.225" endtime="20231218 19:00:55.226"/>
</kw>
<kw name="Read Excel Cell" library="ExcelLibrary">
<var>${my_data_cola}</var>
<arg>row_num=${rownum}</arg>
<arg>col_num=1</arg>
<doc>Returns content of a cell.</doc>
<msg timestamp="20231218 19:00:55.227" level="INFO">${my_data_cola} = SFP-10G-LR</msg>
<status status="PASS" starttime="20231218 19:00:55.226" endtime="20231218 19:00:55.227"/>
</kw>
<kw name="Read Excel Cell" library="ExcelLibrary">
<var>${my_data_colb}</var>
<arg>row_num=${rownum}</arg>
<arg>col_num=2</arg>
<doc>Returns content of a cell.</doc>
<msg timestamp="20231218 19:00:55.228" level="INFO">${my_data_colb} = UJLD2D027BT</msg>
<status status="PASS" starttime="20231218 19:00:55.227" endtime="20231218 19:00:55.228"/>
</kw>
<kw name="Append To List" library="Collections">
<arg>${my_data_as_list_a}</arg>
<arg>${my_data_cola}</arg>
<doc>Adds ``values`` to the end of ``list``.</doc>
<status status="PASS" starttime="20231218 19:00:55.228" endtime="20231218 19:00:55.228"/>
</kw>
<kw name="Append To List" library="Collections">
<arg>${my_data_as_list_b}</arg>
<arg>${my_data_colb}</arg>
<doc>Adds ``values`` to the end of ``list``.</doc>
<status status="PASS" starttime="20231218 19:00:55.229" endtime="20231218 19:00:55.229"/>
</kw>
<status status="PASS" starttime="20231218 19:00:55.225" endtime="20231218 19:00:55.229"/>
</iter>
<iter>
<var name="${i}">47</var>
<kw name="Set Variable" library="BuiltIn">
<var>${rownum}</var>
<arg>${${i} + ${1}}</arg>
<doc>Returns the given values which can then be assigned to a variables.</doc>
<msg timestamp="20231218 19:00:55.230" level="INFO">${rownum} = 48</msg>
<status status="PASS" starttime="20231218 19:00:55.229" endtime="20231218 19:00:55.231"/>
</kw>
<kw name="Read Excel Cell" library="ExcelLibrary">
<var>${my_data_cola}</var>
<arg>row_num=${rownum}</arg>
<arg>col_num=1</arg>
<doc>Returns content of a cell.</doc>
<msg timestamp="20231218 19:00:55.231" level="INFO">${my_data_cola} = SFP-10G-LR</msg>
<status status="PASS" starttime="20231218 19:00:55.231" endtime="20231218 19:00:55.231"/>
</kw>
<kw name="Read Excel Cell" library="ExcelLibrary">
<var>${my_data_colb}</var>
<arg>row_num=${rownum}</arg>
<arg>col_num=2</arg>
<doc>Returns content of a cell.</doc>
<msg timestamp="20231218 19:00:55.232" level="INFO">${my_data_colb} = UJLD2D01UPL</msg>
<status status="PASS" starttime="20231218 19:00:55.231" endtime="20231218 19:00:55.232"/>
</kw>
<kw name="Append To List" library="Collections">
<arg>${my_data_as_list_a}</arg>
<arg>${my_data_cola}</arg>
<doc>Adds ``values`` to the end of ``list``.</doc>
<status status="PASS" starttime="20231218 19:00:55.232" endtime="20231218 19:00:55.233"/>
</kw>
<kw name="Append To List" library="Collections">
<arg>${my_data_as_list_b}</arg>
[...]
</kw>
<kw name="Append To List" library="Collections">
<arg>${my_data_as_list_b}</arg>
<arg>${my_data_colb}</arg>
<doc>Adds ``values`` to the end of ``list``.</doc>
<status status="PASS" starttime="20231218 19:00:55.444" endtime="20231218 19:00:55.445"/>
</kw>
<status status="PASS" starttime="20231218 19:00:55.441" endtime="20231218 19:00:55.445"/>
</iter>
<iter>
<var name="${i}">98</var>
<kw name="Set Variable" library="BuiltIn">
<var>${rownum}</var>
<arg>${${i} + ${1}}</arg>
<doc>Returns the given values which can then be assigned to a variables.</doc>
<msg timestamp="20231218 19:00:55.446" level="INFO">${rownum} = 99</msg>
<status status="PASS" starttime="20231218 19:00:55.445" endtime="20231218 19:00:55.447"/>
</kw>
<kw name="Read Excel Cell" library="ExcelLibrary">
<var>${my_data_cola}</var>
<arg>row_num=${rownum}</arg>
<arg>col_num=1</arg>
<doc>Returns content of a cell.</doc>
<msg timestamp="20231218 19:00:55.447" level="INFO">${my_data_cola} = S5735-L48T4XE-A-V2</msg>
<status status="PASS" starttime="20231218 19:00:55.447" endtime="20231218 19:00:55.447"/>
</kw>
<kw name="Read Excel Cell" library="ExcelLibrary">
<var>${my_data_colb}</var>
<arg>row_num=${rownum}</arg>
<arg>col_num=2</arg>
<doc>Returns content of a cell.</doc>
<msg timestamp="20231218 19:00:55.448" level="INFO">${my_data_colb} = QU2336017679</msg>
<status status="PASS" starttime="20231218 19:00:55.447" endtime="20231218 19:00:55.448"/>
</kw>
<kw name="Append To List" library="Collections">
<arg>${my_data_as_list_a}</arg>
<arg>${my_data_cola}</arg>
<doc>Adds ``values`` to the end of ``list``.</doc>
<status status="PASS" starttime="20231218 19:00:55.448" endtime="20231218 19:00:55.449"/>
</kw>
<kw name="Append To List" library="Collections">
<arg>${my_data_as_list_b}</arg>
<arg>${my_data_colb}</arg>
<doc>Adds ``values`` to the end of ``list``.</doc>
<status status="PASS" starttime="20231218 19:00:55.449" endtime="20231218 19:00:55.449"/>
</kw>
<status status="PASS" starttime="20231218 19:00:55.445" endtime="20231218 19:00:55.449"/>
</iter>
<iter>
<var name="${i}">99</var>
<kw name="Set Variable" library="BuiltIn">
<var>${rownum}</var>
<arg>${${i} + ${1}}</arg>
<doc>Returns the given values which can then be assigned to a variables.</doc>
<msg timestamp="20231218 19:00:55.450" level="INFO">${rownum} = 100</msg>
<status status="PASS" starttime="20231218 19:00:55.450" endtime="20231218 19:00:55.450"/>
</kw>
<kw name="Read Excel Cell" library="ExcelLibrary">
<var>${my_data_cola}</var>
<arg>row_num=${rownum}</arg>
<arg>col_num=1</arg>
<doc>Returns content of a cell.</doc>
<msg timestamp="20231218 19:00:55.451" level="INFO">${my_data_cola} = S5735-L48T4XE-A-V2</msg>
<status status="PASS" starttime="20231218 19:00:55.450" endtime="20231218 19:00:55.451"/>
</kw>
<kw name="Read Excel Cell" library="ExcelLibrary">
<var>${my_data_colb}</var>
<arg>row_num=${rownum}</arg>
<arg>col_num=2</arg>
<doc>Returns content of a cell.</doc>
<msg timestamp="20231218 19:00:55.452" level="INFO">${my_data_colb} = QU2336017682</msg>
<status status="PASS" starttime="20231218 19:00:55.451" endtime="20231218 19:00:55.452"/>
</kw>
<kw name="Append To List" library="Collections">
<arg>${my_data_as_list_a}</arg>
<arg>${my_data_cola}</arg>
<doc>Adds ``values`` to the end of ``list``.</doc>
<status status="PASS" starttime="20231218 19:00:55.452" endtime="20231218 19:00:55.452"/>
</kw>
<kw name="Append To List" library="Collections">
<arg>${my_data_as_list_b}</arg>
<arg>${my_data_colb}</arg>
<doc>Adds ``values`` to the end of ``list``.</doc>
<status status="PASS" starttime="20231218 19:00:55.452" endtime="20231218 19:00:55.453"/>
</kw>
<status status="PASS" starttime="20231218 19:00:55.449" endtime="20231218 19:00:55.453"/>
</iter>
<iter>
<var name="${i}">100</var>
<kw name="Set Variable" library="BuiltIn">
<var>${rownum}</var>
<arg>${${i} + ${1}}</arg>
<doc>Returns the given values which can then be assigned to a variables.</doc>
<msg timestamp="20231218 19:00:55.454" level="INFO">${rownum} = 101</msg>
<status status="PASS" starttime="20231218 19:00:55.454" endtime="20231218 19:00:55.455"/>
</kw>
<kw name="Read Excel Cell" library="ExcelLibrary">
<var>${my_data_cola}</var>
<arg>row_num=${rownum}</arg>
<arg>col_num=1</arg>
<doc>Returns content of a cell.</doc>
<msg timestamp="20231218 19:00:55.455" level="INFO">${my_data_cola} = S5735-L48T4XE-A-V2</msg>
<status status="PASS" starttime="20231218 19:00:55.455" endtime="20231218 19:00:55.455"/>
</kw>
<kw name="Read Excel Cell" library="ExcelLibrary">
<var>${my_data_colb}</var>
<arg>row_num=${rownum}</arg>
<arg>col_num=2</arg>
<doc>Returns content of a cell.</doc>
<msg timestamp="20231218 19:00:55.456" level="INFO">${my_data_colb} = QU2336017699</msg>
<status status="PASS" starttime="20231218 19:00:55.455" endtime="20231218 19:00:55.456"/>
</kw>
<kw name="Append To List" library="Collections">
<arg>${my_data_as_list_a}</arg>
<arg>${my_data_cola}</arg>
<doc>Adds ``values`` to the end of ``list``.</doc>
<status status="PASS" starttime="20231218 19:00:55.456" endtime="20231218 19:00:55.457"/>
</kw>
<kw name="Append To List" library="Collections">
<arg>${my_data_as_list_b}</arg>
<arg>${my_data_colb}</arg>
<doc>Adds ``values`` to the end of ``list``.</doc>
<status status="PASS" starttime="20231218 19:00:55.457" endtime="20231218 19:00:55.457"/>
</kw>
<status status="PASS" starttime="20231218 19:00:55.453" endtime="20231218 19:00:55.457"/>
</iter>
<iter>
<var name="${i}">101</var>
<kw name="Set Variable" library="BuiltIn">
<var>${rownum}</var>
<arg>${${i} + ${1}}</arg>
<doc>Returns the given values which can then be assigned to a variables.</doc>
<msg timestamp="20231218 19:00:55.459" level="INFO">${rownum} = 102</msg>
<status status="PASS" starttime="20231218 19:00:55.458" endtime="20231218 19:00:55.459"/>
</kw>
<kw name="Read Excel Cell" library="ExcelLibrary">
<var>${my_data_cola}</var>
<arg>row_num=${rownum}</arg>
<arg>col_num=1</arg>
<doc>Returns content of a cell.</doc>
<msg timestamp="20231218 19:00:55.459" level="INFO">${my_data_cola} = PAC150S12-R</msg>
<status status="PASS" starttime="20231218 19:00:55.459" endtime="20231218 19:00:55.459"/>
</kw>
<kw name="Read Excel Cell" library="ExcelLibrary">
<var>${my_data_colb}</var>
<arg>row_num=${rownum}</arg>
<arg>col_num=2</arg>
<doc>Returns content of a cell.</doc>
<msg timestamp="20231218 19:00:55.460" level="INFO">${my_data_colb} = 2102312DUYDMP5000038</msg>
<status status="PASS" starttime="20231218 19:00:55.460" endtime="20231218 19:00:55.461"/>
</kw>
<kw name="Append To List" library="Collections">
<arg>${my_data_as_list_a}</arg>
<arg>${my_data_cola}</arg>
<doc>Adds ``values`` to the end of ``list``.</doc>
<status status="PASS" starttime="20231218 19:00:55.461" endtime="20231218 19:00:55.461"/>
</kw>
<kw name="Append To List" library="Collections">
<arg>${my_data_as_list_b}</arg>
<arg>${my_data_colb}</arg>
<doc>Adds ``values`` to the end of ``list``.</doc>
<status status="PASS" starttime="20231218 19:00:55.461" endtime="20231218 19:00:55.462"/>
</kw>
<status status="PASS" starttime="20231218 19:00:55.457" endtime="20231218 19:00:55.462"/>
</iter>
<iter>
<var name="${i}">102</var>
<kw name="Set Variable" library="BuiltIn">
<var>${rownum}</var>
<arg>${${i} + ${1}}</arg>
<doc>Returns the given values which can then be assigned to a variables.</doc>
<msg timestamp="20231218 19:00:55.463" level="INFO">${rownum} = 103</msg>
<status status="PASS" starttime="20231218 19:00:55.462" endtime="20231218 19:00:55.463"/>
</kw>
<kw name="Read Excel Cell" library="ExcelLibrary">
<var>${my_data_cola}</var>
<arg>row_num=${rownum}</arg>
<arg>col_num=1</arg>
<doc>Returns content of a cell.</doc>
<msg timestamp="20231218 19:00:55.464" level="INFO">${my_data_cola} = PAC150S12-R</msg>
<status status="PASS" starttime="20231218 19:00:55.463" endtime="20231218 19:00:55.464"/>
</kw>
<kw name="Read Excel Cell" library="ExcelLibrary">
<var>${my_data_colb}</var>
<arg>row_num=${rownum}</arg>
<arg>col_num=2</arg>
<doc>Returns content of a cell.</doc>
<msg timestamp="20231218 19:00:55.465" level="INFO">${my_data_colb} = 2102312DUYDMP5000821</msg>
<status status="PASS" starttime="20231218 19:00:55.464" endtime="20231218 19:00:55.465"/>
</kw>
<kw name="Append To List" library="Collections">
<arg>${my_data_as_list_a}</arg>
<arg>${my_data_cola}</arg>
<doc>Adds ``values`` to the end of ``list``.</doc>
<status status="PASS" starttime="20231218 19:00:55.465" endtime="20231218 19:00:55.465"/>
</kw>
<kw name="Append To List" library="Collections">
<arg>${my_data_as_list_b}</arg>
<arg>${my_data_colb}</arg>
<doc>Adds ``values`` to the end of ``list``.</doc>
<status status="PASS" starttime="20231218 19:00:55.465" endtime="20231218 19:00:55.466"/>
</kw>
<status status="PASS" starttime="20231218 19:00:55.462" endtime="20231218 19:00:55.466"/>
</iter>
<iter>
<var name="${i}">103</var>
<kw name="Set Variable" library="BuiltIn">
<var>${rownum}</var>
<arg>${${i} + ${1}}</arg>
<doc>Returns the given values which can then be assigned to a variables.</doc>
<msg timestamp="20231218 19:00:55.467" level="INFO">${rownum} = 104</msg>
<status status="PASS" starttime="20231218 19:00:55.466" endtime="20231218 19:00:55.467"/>
</kw>
<kw name="Read Excel Cell" library="ExcelLibrary">
<var>${my_data_cola}</var>
<arg>row_num=${rownum}</arg>
<arg>col_num=1</arg>
<doc>Returns content of a cell.</doc>
<msg timestamp="20231218 19:00:55.468" level="INFO">${my_data_cola} = PAC150S12-R</msg>
<status status="PASS" starttime="20231218 19:00:55.468" endtime="20231218 19:00:55.468"/>
</kw>
<kw name="Read Excel Cell" library="ExcelLibrary">
<var>${my_data_colb}</var>
<arg>row_num=${rownum}</arg>
<arg>col_num=2</arg>
<doc>Returns content of a cell.</doc>
<msg timestamp="20231218 19:00:55.469" level="INFO">${my_data_colb} = 2102312DUYDMP5000814</msg>
<status status="PASS" starttime="20231218 19:00:55.468" endtime="20231218 19:00:55.469"/>
</kw>
<kw name="Append To List" library="Collections">
<arg>${my_data_as_list_a}</arg>
<arg>${my_data_cola}</arg>
<doc>Adds ``values`` to the end of ``list``.</doc>
<status status="PASS" starttime="20231218 19:00:55.469" endtime="20231218 19:00:55.469"/>
</kw>
<kw name="Append To List" library="Collections">
<arg>${my_data_as_list_b}</arg>
<arg>${my_data_colb}</arg>
<doc>Adds ``values`` to the end of ``list``.</doc>
<status status="PASS" starttime="20231218 19:00:55.470" endtime="20231218 19:00:55.470"/>
</kw>
<status status="PASS" starttime="20231218 19:00:55.466" endtime="20231218 19:00:55.470"/>
</iter>
<iter>
<var name="${i}">104</var>
<kw name="Set Variable" library="BuiltIn">
<var>${rownum}</var>
<arg>${${i} + ${1}}</arg>
<doc>Returns the given values which can then be assigned to a variables.</doc>
<msg timestamp="20231218 19:00:55.471" level="INFO">${rownum} = 105</msg>
<status status="PASS" starttime="20231218 19:00:55.470" endtime="20231218 19:00:55.472"/>
</kw>
<kw name="Read Excel Cell" library="ExcelLibrary">
<var>${my_data_cola}</var>
<arg>row_num=${rownum}</arg>
<arg>col_num=1</arg>
<doc>Returns content of a cell.</doc>
<msg timestamp="20231218 19:00:55.472" level="INFO">${my_data_cola} = PAC150S12-R</msg>
<status status="PASS" starttime="20231218 19:00:55.472" endtime="20231218 19:00:55.472"/>
</kw>
<kw name="Read Excel Cell" library="ExcelLibrary">
<var>${my_data_colb}</var>
<arg>row_num=${rownum}</arg>
<arg>col_num=2</arg>
<doc>Returns content of a cell.</doc>
<msg timestamp="20231218 19:00:55.473" level="INFO">${my_data_colb} = 2102312DUYDMP5000040</msg>
<status status="PASS" starttime="20231218 19:00:55.472" endtime="20231218 19:00:55.473"/>
</kw>
<kw name="Append To List" library="Collections">
<arg>${my_data_as_list_a}</arg>
<arg>${my_data_cola}</arg>
<doc>Adds ``values`` to the end of ``list``.</doc>
<status status="PASS" starttime="20231218 19:00:55.473" endtime="20231218 19:00:55.474"/>
</kw>
<kw name="Append To List" library="Collections">
<arg>${my_data_as_list_b}</arg>
<arg>${my_data_colb}</arg>
<doc>Adds ``values`` to the end of ``list``.</doc>
<status status="PASS" starttime="20231218 19:00:55.474" endtime="20231218 19:00:55.474"/>
</kw>
<status status="PASS" starttime="20231218 19:00:55.470" endtime="20231218 19:00:55.474"/>
</iter>
<iter>
<var name="${i}">105</var>
<kw name="Set Variable" library="BuiltIn">
<var>${rownum}</var>
<arg>${${i} + ${1}}</arg>
<doc>Returns the given values which can then be assigned to a variables.</doc>
<msg timestamp="20231218 19:00:55.476" level="INFO">${rownum} = 106</msg>
<status status="PASS" starttime="20231218 19:00:55.475" endtime="20231218 19:00:55.476"/>
</kw>
<kw name="Read Excel Cell" library="ExcelLibrary">
<var>${my_data_cola}</var>
<arg>row_num=${rownum}</arg>
<arg>col_num=1</arg>
<doc>Returns content of a cell.</doc>
<msg timestamp="20231218 19:00:55.476" level="INFO">${my_data_cola} = CC13UK300</msg>
<status status="PASS" starttime="20231218 19:00:55.476" endtime="20231218 19:00:55.477"/>
</kw>
<kw name="Read Excel Cell" library="ExcelLibrary">
<var>${my_data_colb}</var>
<arg>row_num=${rownum}</arg>
<arg>col_num=2</arg>
<doc>Returns content of a cell.</doc>
<msg timestamp="20231218 19:00:55.477" level="INFO">${my_data_colb} = N/A</msg>
<status status="PASS" starttime="20231218 19:00:55.477" endtime="20231218 19:00:55.477"/>
</kw>
<kw name="Append To List" library="Collections">
<arg>${my_data_as_list_a}</arg>
<arg>${my_data_cola}</arg>
<doc>Adds ``values`` to the end of ``list``.</doc>
<status status="PASS" starttime="20231218 19:00:55.477" endtime="20231218 19:00:55.478"/>
</kw>
<kw name="Append To List" library="Collections">
<arg>${my_data_as_list_b}</arg>
<arg>${my_data_colb}</arg>
<doc>Adds ``values`` to the end of ``list``.</doc>
<status status="PASS" starttime="20231218 19:00:55.478" endtime="20231218 19:00:55.478"/>
</kw>
<status status="PASS" starttime="20231218 19:00:55.474" endtime="20231218 19:00:55.479"/>
</iter>
<iter>
<var name="${i}">106</var>
<kw name="Set Variable" library="BuiltIn">
<var>${rownum}</var>
<arg>${${i} + ${1}}</arg>
<doc>Returns the given values which can then be assigned to a variables.</doc>
<msg timestamp="20231218 19:00:55.480" level="INFO">${rownum} = 107</msg>
<status status="PASS" starttime="20231218 19:00:55.479" endtime="20231218 19:00:55.480"/>
</kw>
<kw name="Read Excel Cell" library="ExcelLibrary">
<var>${my_data_cola}</var>
<arg>row_num=${rownum}</arg>
<arg>col_num=1</arg>
<doc>Returns content of a cell.</doc>
<msg timestamp="20231218 19:00:55.481" level="INFO">${my_data_cola} = S5731-S24T4X</msg>
<status status="PASS" starttime="20231218 19:00:55.480" endtime="20231218 19:00:55.481"/>
</kw>
<kw name="Read Excel Cell" library="ExcelLibrary">
<var>${my_data_colb}</var>
<arg>row_num=${rownum}</arg>
<arg>col_num=2</arg>
<doc>Returns content of a cell.</doc>
<msg timestamp="20231218 19:00:55.481" level="INFO">${my_data_colb} = LD2347004150</msg>
<status status="PASS" starttime="20231218 19:00:55.481" endtime="20231218 19:00:55.481"/>
</kw>
<kw name="Append To List" library="Collections">
<arg>${my_data_as_list_a}</arg>
<arg>${my_data_cola}</arg>
<doc>Adds ``values`` to the end of ``list``.</doc>
<status status="PASS" starttime="20231218 19:00:55.482" endtime="20231218 19:00:55.482"/>
</kw>
<kw name="Append To List" library="Collections">
<arg>${my_data_as_list_b}</arg>
<arg>${my_data_colb}</arg>
<doc>Adds ``values`` to the end of ``list``.</doc>
<status status="PASS" starttime="20231218 19:00:55.482" endtime="20231218 19:00:55.483"/>
</kw>
<status status="PASS" starttime="20231218 19:00:55.479" endtime="20231218 19:00:55.483"/>
</iter>
<iter>
<var name="${i}">107</var>
<kw name="Set Variable" library="BuiltIn">
<var>${rownum}</var>
<arg>${${i} + ${1}}</arg>
<doc>Returns the given values which can then be assigned to a variables.</doc>
<msg timestamp="20231218 19:00:55.484" level="INFO">${rownum} = 108</msg>
<status status="PASS" starttime="20231218 19:00:55.483" endtime="20231218 19:00:55.484"/>
</kw>
<kw name="Read Excel Cell" library="ExcelLibrary">
<var>${my_data_cola}</var>
<arg>row_num=${rownum}</arg>
<arg>col_num=1</arg>
<doc>Returns content of a cell.</doc>
<msg timestamp="20231218 19:00:55.485" level="INFO">${my_data_cola} = S5731-S24T4X</msg>
<status status="PASS" starttime="20231218 19:00:55.484" endtime="20231218 19:00:55.485"/>
</kw>
<kw name="Read Excel Cell" library="ExcelLibrary">
<var>${my_data_colb}</var>
<arg>row_num=${rownum}</arg>
<arg>col_num=2</arg>
<doc>Returns content of a cell.</doc>
<msg timestamp="20231218 19:00:55.486" level="INFO">${my_data_colb} = LD2347004122</msg>
<status status="PASS" starttime="20231218 19:00:55.485" endtime="20231218 19:00:55.486"/>
</kw>
<kw name="Append To List" library="Collections">
<arg>${my_data_as_list_a}</arg>
<arg>${my_data_cola}</arg>
<doc>Adds ``values`` to the end of ``list``.</doc>
<status status="PASS" starttime="20231218 19:00:55.486" endtime="20231218 19:00:55.486"/>
</kw>
<kw name="Append To List" library="Collections">
<arg>${my_data_as_list_b}</arg>
<arg>${my_data_colb}</arg>
<doc>Adds ``values`` to the end of ``list``.</doc>
<status status="PASS" starttime="20231218 19:00:55.486" endtime="20231218 19:00:55.487"/>
</kw>
<status status="PASS" starttime="20231218 19:00:55.483" endtime="20231218 19:00:55.487"/>
</iter>
<status status="PASS" starttime="20231218 19:00:55.028" endtime="20231218 19:00:55.487"/>
</for>
<kw name="Get Length" library="BuiltIn">
<var>${lena}</var>
<arg>${my_data_as_list_a}</arg>
<doc>Returns and logs the length of the given item as an integer.</doc>
<msg timestamp="20231218 19:00:55.487" level="INFO">Length is 107</msg>
<msg timestamp="20231218 19:00:55.488" level="INFO">${lena} = 107</msg>
<status status="PASS" starttime="20231218 19:00:55.487" endtime="20231218 19:00:55.488"/>
</kw>
<kw name="Get Length" library="BuiltIn">
<var>${lenb}</var>
<arg>${my_data_as_list_b}</arg>
<doc>Returns and logs the length of the given item as an integer.</doc>
<msg timestamp="20231218 19:00:55.488" level="INFO">Length is 107</msg>
<msg timestamp="20231218 19:00:55.488" level="INFO">${lenb} = 107</msg>
<status status="PASS" starttime="20231218 19:00:55.488" endtime="20231218 19:00:55.489"/>
</kw>
<kw name="Log To Console" library="BuiltIn">
<arg>\n</arg>
<doc>Logs the given message to the console.</doc>
<status status="PASS" starttime="20231218 19:00:55.489" endtime="20231218 19:00:55.489"/>
</kw>
<kw name="Log To Console" library="BuiltIn">
<arg>${my_data_as_list_a}</arg>
<doc>Logs the given message to the console.</doc>
<status status="PASS" starttime="20231218 19:00:55.490" endtime="20231218 19:00:55.491"/>
</kw>
<kw name="Log To Console" library="BuiltIn">
<arg>\n</arg>
<doc>Logs the given message to the console.</doc>
<status status="PASS" starttime="20231218 19:00:55.491" endtime="20231218 19:00:55.492"/>
</kw>
<kw name="Log To Console" library="BuiltIn">
<arg>${my_data_as_list_b}</arg>
<doc>Logs the given message to the console.</doc>
<status status="PASS" starttime="20231218 19:00:55.492" endtime="20231218 19:00:55.493"/>
</kw>
<kw name="Log To Console" library="BuiltIn">
<arg>Total length of list A: ${lena}</arg>
<doc>Logs the given message to the console.</doc>
<status status="PASS" starttime="20231218 19:00:55.494" endtime="20231218 19:00:55.494"/>
</kw>
<kw name="Log To Console" library="BuiltIn">
<arg>Total length of list B: ${lenb}</arg>
<doc>Logs the given message to the console.</doc>
<status status="PASS" starttime="20231218 19:00:55.494" endtime="20231218 19:00:55.495"/>
</kw>
<status status="PASS" starttime="20231218 19:00:55.018" endtime="20231218 19:00:55.495"/>
</kw>
<status status="PASS" starttime="20231218 19:00:55.018" endtime="20231218 19:00:55.495"/>
</test>
<status status="PASS" starttime="20231218 19:00:54.385" endtime="20231218 19:00:55.496"/>
</suite>
<statistics>
<total>
<stat pass="1" fail="0" skip="0">All Tests</stat>
</total>
<tag>
</tag>
<suite>
<stat pass="1" fail="0" skip="0" id="s1" name="Read Excel">Read Excel</stat>
</suite>
</statistics>
<errors>
</errors>
</robot>
